Using pre-set license
Built from '2020.3/staging' branch; Version is '2020.3.9f1 (108be757e447) revision 1084391'; Using compiler version '192528614'; Build Type 'Release'
OS: 'Windows 10 Home; OS build 19044.2728; Version 2009; 64bit' Language: 'en' Physical Memory: 16332 MB
BatchMode: 1, IsHumanControllingUs: 0, StartBugReporterOnCrash: 0, Is64bit: 1, IsPro: 0

 COMMAND LINE ARGUMENTS:
D:\Program Files\Unity\Hub\Editor\2020.3.9f1\Editor\Unity.exe
-adb2
-batchMode
-noUpm
-name
AssetImportWorker0
-projectPath
E:/Unity Yr2/Games Design and Development/Archontas Rings
-logFile
Logs/AssetImportWorker0.log
-srvPort
50010
Successfully changed project path to: E:/Unity Yr2/Games Design and Development/Archontas Rings
E:/Unity Yr2/Games Design and Development/Archontas Rings
Using Asset Import Pipeline V2.
Refreshing native plugins compatible for Editor in 34.22 ms, found 1 plugins.
Preloading 0 native plugins for Editor in 0.00 ms.
Initialize engine version: 2020.3.9f1 (108be757e447)
[Subsystems] Discovering subsystems at path D:/Program Files/Unity/Hub/Editor/2020.3.9f1/Editor/Data/Resources/UnitySubsystems
[Subsystems] Discovering subsystems at path E:/Unity Yr2/Games Design and Development/Archontas Rings/Assets
GfxDevice: creating device client; threaded=0
Direct3D:
    Version:  Direct3D 11.0 [level 11.1]
    Renderer: NVIDIA GeForce RTX 2060 (ID=0x1e89)
    Vendor:   
    VRAM:     5968 MB
    Driver:   31.0.15.1694
Initialize mono
Mono path[0] = 'D:/Program Files/Unity/Hub/Editor/2020.3.9f1/Editor/Data/Managed'
Mono path[1] = 'D:/Program Files/Unity/Hub/Editor/2020.3.9f1/Editor/Data/MonoBleedingEdge/lib/mono/unityjit'
Mono config path = 'D:/Program Files/Unity/Hub/Editor/2020.3.9f1/Editor/Data/MonoBleedingEdge/etc'
Using monoOptions --debugger-agent=transport=dt_socket,embedding=1,server=y,suspend=n,address=127.0.0.1:56564
Begin MonoManager ReloadAssembly
Registering precompiled unity dll's ...
Register platform support module: D:/Program Files/Unity/Hub/Editor/2020.3.9f1/Editor/Data/PlaybackEngines/WindowsStandaloneSupport/UnityEditor.WindowsStandalone.Extensions.dll
Registered in 0.001060 seconds.
Native extension for WindowsStandalone target not found
Refreshing native plugins compatible for Editor in 35.89 ms, found 1 plugins.
Preloading 0 native plugins for Editor in 0.00 ms.
Mono: successfully reloaded assembly
- Completed reload, in  0.828 seconds
Platform modules already initialized, skipping
Registering precompiled user dll's ...
Registered in 0.000806 seconds.
Begin MonoManager ReloadAssembly
Native extension for WindowsStandalone target not found
Refreshing native plugins compatible for Editor in 35.84 ms, found 1 plugins.
Preloading 0 native plugins for Editor in 0.00 ms.
Mono: successfully reloaded assembly
- Completed reload, in  0.861 seconds
Platform modules already initialized, skipping
========================================================================
Worker process is ready to serve import requests
Launched and connected shader compiler UnityShaderCompiler.exe after 0.09 seconds
Refreshing native plugins compatible for Editor in 0.33 ms, found 1 plugins.
Preloading 0 native plugins for Editor in 0.00 ms.
Unloading 1855 Unused Serialized files (Serialized files now loaded: 0)
System memory in use before: 84.0 MB.
System memory in use after: 84.0 MB.

Unloading 15 unused Assets to reduce memory usage. Loaded Objects now: 2297.
Total: 1.829300 ms (FindLiveObjects: 0.152700 ms CreateObjectMapping: 0.052300 ms MarkObjects: 1.550900 ms  DeleteObjects: 0.072500 ms)

========================================================================
Received Import Request.
  path: Assets/Scripts/InputHandler.cs
  artifactKey: Guid(3f5f94a8882827b408d20ae7443f0a3d) Importer(815301076,1909f56bfc062723c751e8b465ee728b)
Start importing Assets/Scripts/InputHandler.cs using Guid(3f5f94a8882827b408d20ae7443f0a3d) Importer(815301076,1909f56bfc062723c751e8b465ee728b)  -> (artifact id: 'fe7a402f8f75e01109bb902acb74a567') in 0.121205 seconds
  Import took 0.141209 seconds .

========================================================================
Received Import Request.
  Time since last request: 2.479399 seconds.
  path: Assets/Scripts/EnemyAnimatorManager.cs
  artifactKey: Guid(22112ebed5423a54c871cbea7009dff0) Importer(815301076,1909f56bfc062723c751e8b465ee728b)
Start importing Assets/Scripts/EnemyAnimatorManager.cs using Guid(22112ebed5423a54c871cbea7009dff0) Importer(815301076,1909f56bfc062723c751e8b465ee728b)  -> (artifact id: '0da6bb8633308cb6db3310a542ecfa27') in 0.106407 seconds
  Import took 0.160079 seconds .

========================================================================
Received Import Request.
  Time since last request: 0.000413 seconds.
  path: Assets/Scripts/EnemyStats.cs
  artifactKey: Guid(0aed9448b2baa8445850707d982be4f6) Importer(815301076,1909f56bfc062723c751e8b465ee728b)
Start importing Assets/Scripts/EnemyStats.cs using Guid(0aed9448b2baa8445850707d982be4f6) Importer(815301076,1909f56bfc062723c751e8b465ee728b)  -> (artifact id: 'b948843a4b9e906e14e4107a5fb82cb2') in 0.031505 seconds
  Import took 0.055437 seconds .

========================================================================
Received Import Request.
  Time since last request: 0.000256 seconds.
  path: Assets/Scripts/EnemyManager.cs
  artifactKey: Guid(5226891ff48f8d9488c36de893b0cd0e) Importer(815301076,1909f56bfc062723c751e8b465ee728b)
Start importing Assets/Scripts/EnemyManager.cs using Guid(5226891ff48f8d9488c36de893b0cd0e) Importer(815301076,1909f56bfc062723c751e8b465ee728b)  -> (artifact id: '831d61ade3cc19e17b0ca4828a362a9d') in 0.066926 seconds
  Import took 0.087705 seconds .

========================================================================
Received Import Request.
  Time since last request: 0.000260 seconds.
  path: Assets/Scripts/EnemyLocomotionManager.cs
  artifactKey: Guid(59c565775f6a8ef48b8f6db6c5178ff7) Importer(815301076,1909f56bfc062723c751e8b465ee728b)
Start importing Assets/Scripts/EnemyLocomotionManager.cs using Guid(59c565775f6a8ef48b8f6db6c5178ff7) Importer(815301076,1909f56bfc062723c751e8b465ee728b)  -> (artifact id: '079d67a0e27282f3f45ac9bdf546c5bc') in 0.035555 seconds
  Import took 0.047506 seconds .

========================================================================
Received Import Request.
  Time since last request: 178.899516 seconds.
  path: Assets/Scripts/EnemyStats.cs
  artifactKey: Guid(0aed9448b2baa8445850707d982be4f6) Importer(815301076,1909f56bfc062723c751e8b465ee728b)
Start importing Assets/Scripts/EnemyStats.cs using Guid(0aed9448b2baa8445850707d982be4f6) Importer(815301076,1909f56bfc062723c751e8b465ee728b)  -> (artifact id: 'a7438bd8d5af31b75d5ffaf024ca4464') in 0.014438 seconds
  Import took 0.049979 seconds .

========================================================================
Received Import Request.
  Time since last request: 0.080227 seconds.
  path: Assets/Scripts/EnemyStats.cs
  artifactKey: Guid(0aed9448b2baa8445850707d982be4f6) Importer(815301076,1909f56bfc062723c751e8b465ee728b)
Start importing Assets/Scripts/EnemyStats.cs using Guid(0aed9448b2baa8445850707d982be4f6) Importer(815301076,1909f56bfc062723c751e8b465ee728b)  -> (artifact id: 'a7438bd8d5af31b75d5ffaf024ca4464') in 0.018768 seconds
  Import took 0.021813 seconds .

========================================================================
Received Prepare
Registering precompiled user dll's ...
Registered in 0.000794 seconds.
Begin MonoManager ReloadAssembly
Native extension for WindowsStandalone target not found
Refreshing native plugins compatible for Editor in 0.34 ms, found 1 plugins.
Preloading 0 native plugins for Editor in 0.00 ms.
Mono: successfully reloaded assembly
- Completed reload, in  0.776 seconds
Platform modules already initialized, skipping
Refreshing native plugins compatible for Editor in 0.36 ms, found 1 plugins.
Preloading 0 native plugins for Editor in 0.00 ms.
Unloading 1836 Unused Serialized files (Serialized files now loaded: 0)
System memory in use before: 82.7 MB.
System memory in use after: 82.8 MB.

Unloading 8 unused Assets to reduce memory usage. Loaded Objects now: 2300.
Total: 1.708500 ms (FindLiveObjects: 0.155400 ms CreateObjectMapping: 0.060100 ms MarkObjects: 1.443600 ms  DeleteObjects: 0.048300 ms)

========================================================================
Received Prepare
Registering precompiled user dll's ...
Registered in 0.000852 seconds.
Begin MonoManager ReloadAssembly
Native extension for WindowsStandalone target not found
Refreshing native plugins compatible for Editor in 0.34 ms, found 1 plugins.
Preloading 0 native plugins for Editor in 0.00 ms.
Mono: successfully reloaded assembly
- Completed reload, in  0.789 seconds
Platform modules already initialized, skipping
Refreshing native plugins compatible for Editor in 0.35 ms, found 1 plugins.
Preloading 0 native plugins for Editor in 0.00 ms.
Unloading 1836 Unused Serialized files (Serialized files now loaded: 0)
System memory in use before: 82.8 MB.
System memory in use after: 82.9 MB.

Unloading 8 unused Assets to reduce memory usage. Loaded Objects now: 2303.
Total: 1.764400 ms (FindLiveObjects: 0.149000 ms CreateObjectMapping: 0.050500 ms MarkObjects: 1.505700 ms  DeleteObjects: 0.058100 ms)

========================================================================
Received Import Request.
  Time since last request: 353.809897 seconds.
  path: Assets/Assets.index
  artifactKey: Guid(c702e260602ff4d47aa6b0b99f320ed8) Importer(815301076,1909f56bfc062723c751e8b465ee728b)
Start importing Assets/Assets.index using Guid(c702e260602ff4d47aa6b0b99f320ed8) Importer(815301076,1909f56bfc062723c751e8b465ee728b)  -> (artifact id: '6f259ef9f2257a67ec95feb513472421') in 0.373632 seconds
  Import took 0.399910 seconds .

========================================================================
Received Import Request.
  Time since last request: 0.006977 seconds.
  path: Assets/Assets.index
  artifactKey: Guid(c702e260602ff4d47aa6b0b99f320ed8) Importer(815301076,1909f56bfc062723c751e8b465ee728b)
Start importing Assets/Assets.index using Guid(c702e260602ff4d47aa6b0b99f320ed8) Importer(815301076,1909f56bfc062723c751e8b465ee728b)  -> (artifact id: '6f259ef9f2257a67ec95feb513472421') in 0.027130 seconds
  Import took 0.030281 seconds .

========================================================================
Received Prepare
Registering precompiled user dll's ...
Registered in 0.000856 seconds.
Begin MonoManager ReloadAssembly
Native extension for WindowsStandalone target not found
Refreshing native plugins compatible for Editor in 0.36 ms, found 1 plugins.
Preloading 0 native plugins for Editor in 0.00 ms.
Mono: successfully reloaded assembly
- Completed reload, in  0.780 seconds
Platform modules already initialized, skipping
Refreshing native plugins compatible for Editor in 0.35 ms, found 1 plugins.
Preloading 0 native plugins for Editor in 0.00 ms.
Unloading 1836 Unused Serialized files (Serialized files now loaded: 0)
System memory in use before: 82.8 MB.
System memory in use after: 82.9 MB.

Unloading 8 unused Assets to reduce memory usage. Loaded Objects now: 2306.
Total: 1.757700 ms (FindLiveObjects: 0.171700 ms CreateObjectMapping: 0.060100 ms MarkObjects: 1.475000 ms  DeleteObjects: 0.050000 ms)

========================================================================
Received Prepare
Registering precompiled user dll's ...
Registered in 0.000895 seconds.
Begin MonoManager ReloadAssembly
Native extension for WindowsStandalone target not found
Refreshing native plugins compatible for Editor in 0.45 ms, found 1 plugins.
Preloading 0 native plugins for Editor in 0.00 ms.
Mono: successfully reloaded assembly
- Completed reload, in  0.784 seconds
Platform modules already initialized, skipping
Refreshing native plugins compatible for Editor in 0.35 ms, found 1 plugins.
Preloading 0 native plugins for Editor in 0.00 ms.
Unloading 1836 Unused Serialized files (Serialized files now loaded: 0)
System memory in use before: 82.8 MB.
System memory in use after: 82.9 MB.

Unloading 8 unused Assets to reduce memory usage. Loaded Objects now: 2309.
Total: 1.725700 ms (FindLiveObjects: 0.161600 ms CreateObjectMapping: 0.060200 ms MarkObjects: 1.455300 ms  DeleteObjects: 0.047700 ms)

========================================================================
Received Prepare
Registering precompiled user dll's ...
Registered in 0.000871 seconds.
Begin MonoManager ReloadAssembly
Native extension for WindowsStandalone target not found
Refreshing native plugins compatible for Editor in 0.35 ms, found 1 plugins.
Preloading 0 native plugins for Editor in 0.00 ms.
Mono: successfully reloaded assembly
- Completed reload, in  0.767 seconds
Platform modules already initialized, skipping
Refreshing native plugins compatible for Editor in 0.34 ms, found 1 plugins.
Preloading 0 native plugins for Editor in 0.00 ms.
Unloading 1836 Unused Serialized files (Serialized files now loaded: 0)
System memory in use before: 82.8 MB.
System memory in use after: 82.9 MB.

Unloading 8 unused Assets to reduce memory usage. Loaded Objects now: 2312.
Total: 1.854100 ms (FindLiveObjects: 0.175900 ms CreateObjectMapping: 0.062900 ms MarkObjects: 1.564700 ms  DeleteObjects: 0.049300 ms)

========================================================================
Received Prepare
Registering precompiled user dll's ...
Registered in 0.000840 seconds.
Begin MonoManager ReloadAssembly
Native extension for WindowsStandalone target not found
Refreshing native plugins compatible for Editor in 0.34 ms, found 1 plugins.
Preloading 0 native plugins for Editor in 0.00 ms.
Mono: successfully reloaded assembly
- Completed reload, in  0.868 seconds
Platform modules already initialized, skipping
Refreshing native plugins compatible for Editor in 0.42 ms, found 1 plugins.
Preloading 0 native plugins for Editor in 0.00 ms.
Unloading 1836 Unused Serialized files (Serialized files now loaded: 0)
System memory in use before: 82.8 MB.
System memory in use after: 82.9 MB.

Unloading 8 unused Assets to reduce memory usage. Loaded Objects now: 2315.
Total: 2.377200 ms (FindLiveObjects: 0.202900 ms CreateObjectMapping: 0.083300 ms MarkObjects: 2.024500 ms  DeleteObjects: 0.064700 ms)

========================================================================
Received Prepare
Registering precompiled user dll's ...
Registered in 0.001000 seconds.
Begin MonoManager ReloadAssembly
Native extension for WindowsStandalone target not found
Refreshing native plugins compatible for Editor in 0.38 ms, found 1 plugins.
Preloading 0 native plugins for Editor in 0.00 ms.
Mono: successfully reloaded assembly
- Completed reload, in  0.944 seconds
Platform modules already initialized, skipping
Refreshing native plugins compatible for Editor in 0.36 ms, found 1 plugins.
Preloading 0 native plugins for Editor in 0.00 ms.
Unloading 1836 Unused Serialized files (Serialized files now loaded: 0)
System memory in use before: 82.8 MB.
System memory in use after: 82.9 MB.

Unloading 8 unused Assets to reduce memory usage. Loaded Objects now: 2318.
Total: 2.291400 ms (FindLiveObjects: 0.224300 ms CreateObjectMapping: 0.119500 ms MarkObjects: 1.884400 ms  DeleteObjects: 0.062000 ms)

========================================================================
Received Prepare
Registering precompiled user dll's ...
Registered in 0.000865 seconds.
Begin MonoManager ReloadAssembly
Native extension for WindowsStandalone target not found
Refreshing native plugins compatible for Editor in 0.33 ms, found 1 plugins.
Preloading 0 native plugins for Editor in 0.00 ms.
Mono: successfully reloaded assembly
- Completed reload, in  0.779 seconds
Platform modules already initialized, skipping
Refreshing native plugins compatible for Editor in 0.35 ms, found 1 plugins.
Preloading 0 native plugins for Editor in 0.00 ms.
Unloading 1836 Unused Serialized files (Serialized files now loaded: 0)
System memory in use before: 82.9 MB.
System memory in use after: 82.9 MB.

Unloading 8 unused Assets to reduce memory usage. Loaded Objects now: 2321.
Total: 1.734000 ms (FindLiveObjects: 0.155000 ms CreateObjectMapping: 0.058700 ms MarkObjects: 1.475700 ms  DeleteObjects: 0.043500 ms)

========================================================================
Received Prepare
Registering precompiled user dll's ...
Registered in 0.000928 seconds.
Begin MonoManager ReloadAssembly
Native extension for WindowsStandalone target not found
Refreshing native plugins compatible for Editor in 0.34 ms, found 1 plugins.
Preloading 0 native plugins for Editor in 0.00 ms.
Mono: successfully reloaded assembly
- Completed reload, in  0.760 seconds
Platform modules already initialized, skipping
Refreshing native plugins compatible for Editor in 0.35 ms, found 1 plugins.
Preloading 0 native plugins for Editor in 0.00 ms.
Unloading 1836 Unused Serialized files (Serialized files now loaded: 0)
System memory in use before: 82.9 MB.
System memory in use after: 83.0 MB.

Unloading 8 unused Assets to reduce memory usage. Loaded Objects now: 2324.
Total: 1.766400 ms (FindLiveObjects: 0.162300 ms CreateObjectMapping: 0.054400 ms MarkObjects: 1.496700 ms  DeleteObjects: 0.051900 ms)

========================================================================
Received Prepare
Registering precompiled user dll's ...
Registered in 0.000874 seconds.
Begin MonoManager ReloadAssembly
Native extension for WindowsStandalone target not found
Refreshing native plugins compatible for Editor in 0.35 ms, found 1 plugins.
Preloading 0 native plugins for Editor in 0.00 ms.
Mono: successfully reloaded assembly
- Completed reload, in  0.767 seconds
Platform modules already initialized, skipping
Refreshing native plugins compatible for Editor in 0.34 ms, found 1 plugins.
Preloading 0 native plugins for Editor in 0.00 ms.
Unloading 1836 Unused Serialized files (Serialized files now loaded: 0)
System memory in use before: 82.9 MB.
System memory in use after: 83.0 MB.

Unloading 8 unused Assets to reduce memory usage. Loaded Objects now: 2327.
Total: 1.706100 ms (FindLiveObjects: 0.158400 ms CreateObjectMapping: 0.055700 ms MarkObjects: 1.439000 ms  DeleteObjects: 0.052200 ms)

========================================================================
Received Import Request.
  Time since last request: 932.507905 seconds.
  path: Assets/Assets.index
  artifactKey: Guid(c702e260602ff4d47aa6b0b99f320ed8) Importer(815301076,1909f56bfc062723c751e8b465ee728b)
Start importing Assets/Assets.index using Guid(c702e260602ff4d47aa6b0b99f320ed8) Importer(815301076,1909f56bfc062723c751e8b465ee728b)  -> (artifact id: '8af625bebfc758019d2794bc0a82c9ee') in 0.073902 seconds
  Import took 0.101371 seconds .

========================================================================
Received Prepare
Registering precompiled user dll's ...
Registered in 0.000878 seconds.
Begin MonoManager ReloadAssembly
Native extension for WindowsStandalone target not found
Refreshing native plugins compatible for Editor in 0.34 ms, found 1 plugins.
Preloading 0 native plugins for Editor in 0.00 ms.
Mono: successfully reloaded assembly
- Completed reload, in  0.771 seconds
Platform modules already initialized, skipping
Refreshing native plugins compatible for Editor in 0.35 ms, found 1 plugins.
Preloading 0 native plugins for Editor in 0.00 ms.
Unloading 1836 Unused Serialized files (Serialized files now loaded: 0)
System memory in use before: 82.9 MB.
System memory in use after: 83.0 MB.

Unloading 8 unused Assets to reduce memory usage. Loaded Objects now: 2330.
Total: 1.796200 ms (FindLiveObjects: 0.162900 ms CreateObjectMapping: 0.058100 ms MarkObjects: 1.526900 ms  DeleteObjects: 0.047400 ms)

========================================================================
Received Prepare
Registering precompiled user dll's ...
Registered in 0.000878 seconds.
Begin MonoManager ReloadAssembly
Native extension for WindowsStandalone target not found
Refreshing native plugins compatible for Editor in 0.36 ms, found 1 plugins.
Preloading 0 native plugins for Editor in 0.00 ms.
Mono: successfully reloaded assembly
- Completed reload, in  0.770 seconds
Platform modules already initialized, skipping
Refreshing native plugins compatible for Editor in 0.34 ms, found 1 plugins.
Preloading 0 native plugins for Editor in 0.00 ms.
Unloading 1836 Unused Serialized files (Serialized files now loaded: 0)
System memory in use before: 82.9 MB.
System memory in use after: 83.0 MB.

Unloading 8 unused Assets to reduce memory usage. Loaded Objects now: 2333.
Total: 1.802300 ms (FindLiveObjects: 0.155600 ms CreateObjectMapping: 0.057400 ms MarkObjects: 1.538900 ms  DeleteObjects: 0.049400 ms)

========================================================================
Received Prepare
Registering precompiled user dll's ...
Registered in 0.001161 seconds.
Begin MonoManager ReloadAssembly
Native extension for WindowsStandalone target not found
Refreshing native plugins compatible for Editor in 0.34 ms, found 1 plugins.
Preloading 0 native plugins for Editor in 0.00 ms.
Mono: successfully reloaded assembly
- Completed reload, in  0.773 seconds
Platform modules already initialized, skipping
Refreshing native plugins compatible for Editor in 0.35 ms, found 1 plugins.
Preloading 0 native plugins for Editor in 0.00 ms.
Unloading 1836 Unused Serialized files (Serialized files now loaded: 0)
System memory in use before: 82.9 MB.
System memory in use after: 83.0 MB.

Unloading 8 unused Assets to reduce memory usage. Loaded Objects now: 2336.
Total: 1.778500 ms (FindLiveObjects: 0.156600 ms CreateObjectMapping: 0.057900 ms MarkObjects: 1.516100 ms  DeleteObjects: 0.046600 ms)

========================================================================
Received Prepare
Registering precompiled user dll's ...
Registered in 0.000919 seconds.
Begin MonoManager ReloadAssembly
Native extension for WindowsStandalone target not found
Refreshing native plugins compatible for Editor in 0.46 ms, found 1 plugins.
Preloading 0 native plugins for Editor in 0.00 ms.
Mono: successfully reloaded assembly
- Completed reload, in  0.772 seconds
Platform modules already initialized, skipping
Refreshing native plugins compatible for Editor in 0.34 ms, found 1 plugins.
Preloading 0 native plugins for Editor in 0.00 ms.
Unloading 1836 Unused Serialized files (Serialized files now loaded: 0)
System memory in use before: 82.9 MB.
System memory in use after: 83.0 MB.

Unloading 8 unused Assets to reduce memory usage. Loaded Objects now: 2339.
Total: 2.229400 ms (FindLiveObjects: 0.165400 ms CreateObjectMapping: 0.058000 ms MarkObjects: 1.956300 ms  DeleteObjects: 0.048500 ms)

========================================================================
Received Prepare
Registering precompiled user dll's ...
Registered in 0.001061 seconds.
Begin MonoManager ReloadAssembly
Native extension for WindowsStandalone target not found
Refreshing native plugins compatible for Editor in 0.34 ms, found 1 plugins.
Preloading 0 native plugins for Editor in 0.00 ms.
Mono: successfully reloaded assembly
- Completed reload, in  0.785 seconds
Platform modules already initialized, skipping
Refreshing native plugins compatible for Editor in 0.34 ms, found 1 plugins.
Preloading 0 native plugins for Editor in 0.00 ms.
Unloading 1836 Unused Serialized files (Serialized files now loaded: 0)
System memory in use before: 82.9 MB.
System memory in use after: 83.0 MB.

Unloading 8 unused Assets to reduce memory usage. Loaded Objects now: 2342.
Total: 1.797000 ms (FindLiveObjects: 0.176100 ms CreateObjectMapping: 0.061900 ms MarkObjects: 1.510300 ms  DeleteObjects: 0.047600 ms)

========================================================================
Received Prepare
Registering precompiled user dll's ...
Registered in 0.000935 seconds.
Begin MonoManager ReloadAssembly
Native extension for WindowsStandalone target not found
Refreshing native plugins compatible for Editor in 0.35 ms, found 1 plugins.
Preloading 0 native plugins for Editor in 0.00 ms.
Mono: successfully reloaded assembly
- Completed reload, in  0.759 seconds
Platform modules already initialized, skipping
Refreshing native plugins compatible for Editor in 0.34 ms, found 1 plugins.
Preloading 0 native plugins for Editor in 0.00 ms.
Unloading 1836 Unused Serialized files (Serialized files now loaded: 0)
System memory in use before: 82.9 MB.
System memory in use after: 83.0 MB.

Unloading 8 unused Assets to reduce memory usage. Loaded Objects now: 2345.
Total: 1.767800 ms (FindLiveObjects: 0.161400 ms CreateObjectMapping: 0.060300 ms MarkObjects: 1.497700 ms  DeleteObjects: 0.047500 ms)

========================================================================
Received Prepare
Registering precompiled user dll's ...
Registered in 0.000847 seconds.
Begin MonoManager ReloadAssembly
Native extension for WindowsStandalone target not found
Refreshing native plugins compatible for Editor in 0.40 ms, found 1 plugins.
Preloading 0 native plugins for Editor in 0.00 ms.
Mono: successfully reloaded assembly
- Completed reload, in  0.795 seconds
Platform modules already initialized, skipping
Refreshing native plugins compatible for Editor in 0.35 ms, found 1 plugins.
Preloading 0 native plugins for Editor in 0.00 ms.
Unloading 1836 Unused Serialized files (Serialized files now loaded: 0)
System memory in use before: 82.9 MB.
System memory in use after: 83.0 MB.

Unloading 8 unused Assets to reduce memory usage. Loaded Objects now: 2348.
Total: 1.764000 ms (FindLiveObjects: 0.176600 ms CreateObjectMapping: 0.062500 ms MarkObjects: 1.471800 ms  DeleteObjects: 0.052200 ms)

========================================================================
Received Prepare
Registering precompiled user dll's ...
Registered in 0.000983 seconds.
Begin MonoManager ReloadAssembly
Native extension for WindowsStandalone target not found
Refreshing native plugins compatible for Editor in 0.34 ms, found 1 plugins.
Preloading 0 native plugins for Editor in 0.00 ms.
Mono: successfully reloaded assembly
- Completed reload, in  0.801 seconds
Platform modules already initialized, skipping
Refreshing native plugins compatible for Editor in 0.36 ms, found 1 plugins.
Preloading 0 native plugins for Editor in 0.00 ms.
Unloading 1836 Unused Serialized files (Serialized files now loaded: 0)
System memory in use before: 82.9 MB.
System memory in use after: 83.0 MB.

Unloading 8 unused Assets to reduce memory usage. Loaded Objects now: 2351.
Total: 1.747900 ms (FindLiveObjects: 0.156600 ms CreateObjectMapping: 0.053500 ms MarkObjects: 1.486400 ms  DeleteObjects: 0.050400 ms)

========================================================================
Received Prepare
Registering precompiled user dll's ...
Registered in 0.000905 seconds.
Begin MonoManager ReloadAssembly
Native extension for WindowsStandalone target not found
Refreshing native plugins compatible for Editor in 0.35 ms, found 1 plugins.
Preloading 0 native plugins for Editor in 0.00 ms.
Mono: successfully reloaded assembly
- Completed reload, in  0.772 seconds
Platform modules already initialized, skipping
Refreshing native plugins compatible for Editor in 0.35 ms, found 1 plugins.
Preloading 0 native plugins for Editor in 0.00 ms.
Unloading 1836 Unused Serialized files (Serialized files now loaded: 0)
System memory in use before: 82.9 MB.
System memory in use after: 83.0 MB.

Unloading 8 unused Assets to reduce memory usage. Loaded Objects now: 2354.
Total: 1.923000 ms (FindLiveObjects: 0.155900 ms CreateObjectMapping: 0.056000 ms MarkObjects: 1.657100 ms  DeleteObjects: 0.052600 ms)

========================================================================
Received Prepare
Registering precompiled user dll's ...
Registered in 0.000888 seconds.
Begin MonoManager ReloadAssembly
Native extension for WindowsStandalone target not found
Refreshing native plugins compatible for Editor in 0.39 ms, found 1 plugins.
Preloading 0 native plugins for Editor in 0.00 ms.
Mono: successfully reloaded assembly
- Completed reload, in  0.795 seconds
Platform modules already initialized, skipping
Refreshing native plugins compatible for Editor in 0.35 ms, found 1 plugins.
Preloading 0 native plugins for Editor in 0.00 ms.
Unloading 1836 Unused Serialized files (Serialized files now loaded: 0)
System memory in use before: 83.0 MB.
System memory in use after: 83.0 MB.

Unloading 8 unused Assets to reduce memory usage. Loaded Objects now: 2357.
Total: 1.780000 ms (FindLiveObjects: 0.168900 ms CreateObjectMapping: 0.067200 ms MarkObjects: 1.489700 ms  DeleteObjects: 0.053100 ms)

========================================================================
Received Prepare
Registering precompiled user dll's ...
Registered in 0.001069 seconds.
Begin MonoManager ReloadAssembly
Native extension for WindowsStandalone target not found
Refreshing native plugins compatible for Editor in 0.34 ms, found 1 plugins.
Preloading 0 native plugins for Editor in 0.00 ms.
Mono: successfully reloaded assembly
- Completed reload, in  0.821 seconds
Platform modules already initialized, skipping
Refreshing native plugins compatible for Editor in 0.34 ms, found 1 plugins.
Preloading 0 native plugins for Editor in 0.00 ms.
Unloading 1836 Unused Serialized files (Serialized files now loaded: 0)
System memory in use before: 83.0 MB.
System memory in use after: 83.1 MB.

Unloading 8 unused Assets to reduce memory usage. Loaded Objects now: 2360.
Total: 2.373100 ms (FindLiveObjects: 0.265700 ms CreateObjectMapping: 0.103000 ms MarkObjects: 1.940900 ms  DeleteObjects: 0.062000 ms)

========================================================================
Received Prepare
Registering precompiled user dll's ...
Registered in 0.000989 seconds.
Begin MonoManager ReloadAssembly
Native extension for WindowsStandalone target not found
Refreshing native plugins compatible for Editor in 0.36 ms, found 1 plugins.
Preloading 0 native plugins for Editor in 0.00 ms.
Mono: successfully reloaded assembly
- Completed reload, in  0.791 seconds
Platform modules already initialized, skipping
Refreshing native plugins compatible for Editor in 0.35 ms, found 1 plugins.
Preloading 0 native plugins for Editor in 0.00 ms.
Unloading 1836 Unused Serialized files (Serialized files now loaded: 0)
System memory in use before: 83.0 MB.
System memory in use after: 83.1 MB.

Unloading 8 unused Assets to reduce memory usage. Loaded Objects now: 2363.
Total: 1.837600 ms (FindLiveObjects: 0.178800 ms CreateObjectMapping: 0.061300 ms MarkObjects: 1.547500 ms  DeleteObjects: 0.048800 ms)

========================================================================
Received Prepare
Registering precompiled user dll's ...
Registered in 0.001136 seconds.
Begin MonoManager ReloadAssembly
Native extension for WindowsStandalone target not found
Refreshing native plugins compatible for Editor in 0.33 ms, found 1 plugins.
Preloading 0 native plugins for Editor in 0.00 ms.
Mono: successfully reloaded assembly
- Completed reload, in  0.780 seconds
Platform modules already initialized, skipping
Refreshing native plugins compatible for Editor in 0.39 ms, found 1 plugins.
Preloading 0 native plugins for Editor in 0.00 ms.
Unloading 1836 Unused Serialized files (Serialized files now loaded: 0)
System memory in use before: 83.0 MB.
System memory in use after: 83.1 MB.

Unloading 8 unused Assets to reduce memory usage. Loaded Objects now: 2366.
Total: 1.741300 ms (FindLiveObjects: 0.165900 ms CreateObjectMapping: 0.059600 ms MarkObjects: 1.462500 ms  DeleteObjects: 0.052200 ms)

========================================================================
Received Prepare
Registering precompiled user dll's ...
Registered in 0.000847 seconds.
Begin MonoManager ReloadAssembly
Native extension for WindowsStandalone target not found
Refreshing native plugins compatible for Editor in 0.34 ms, found 1 plugins.
Preloading 0 native plugins for Editor in 0.00 ms.
Mono: successfully reloaded assembly
- Completed reload, in  0.782 seconds
Platform modules already initialized, skipping
Refreshing native plugins compatible for Editor in 0.35 ms, found 1 plugins.
Preloading 0 native plugins for Editor in 0.00 ms.
Unloading 1836 Unused Serialized files (Serialized files now loaded: 0)
System memory in use before: 83.0 MB.
System memory in use after: 83.1 MB.

Unloading 8 unused Assets to reduce memory usage. Loaded Objects now: 2369.
Total: 1.847900 ms (FindLiveObjects: 0.165000 ms CreateObjectMapping: 0.062500 ms MarkObjects: 1.568200 ms  DeleteObjects: 0.051200 ms)

========================================================================
Received Prepare
Registering precompiled user dll's ...
Registered in 0.000943 seconds.
Begin MonoManager ReloadAssembly
Native extension for WindowsStandalone target not found
Refreshing native plugins compatible for Editor in 0.36 ms, found 1 plugins.
Preloading 0 native plugins for Editor in 0.00 ms.
Mono: successfully reloaded assembly
- Completed reload, in  0.825 seconds
Platform modules already initialized, skipping
Refreshing native plugins compatible for Editor in 0.34 ms, found 1 plugins.
Preloading 0 native plugins for Editor in 0.00 ms.
Unloading 1836 Unused Serialized files (Serialized files now loaded: 0)
System memory in use before: 83.0 MB.
System memory in use after: 83.1 MB.

Unloading 8 unused Assets to reduce memory usage. Loaded Objects now: 2372.
Total: 1.895900 ms (FindLiveObjects: 0.167200 ms CreateObjectMapping: 0.054000 ms MarkObjects: 1.619000 ms  DeleteObjects: 0.054500 ms)

========================================================================
Received Import Request.
  Time since last request: 1952.548254 seconds.
  path: Assets/Animation/PlayerHumanoid.controller
  artifactKey: Guid(d838ad91eedecfd48b7e30b7f0e75096) Importer(815301076,1909f56bfc062723c751e8b465ee728b)
Start importing Assets/Animation/PlayerHumanoid.controller using Guid(d838ad91eedecfd48b7e30b7f0e75096) Importer(815301076,1909f56bfc062723c751e8b465ee728b)  -> (artifact id: 'bf0d5a81ef245908e4874fc28a53b0c9') in 1.362478 seconds
  Import took 1.393805 seconds .

========================================================================
Received Import Request.
  Time since last request: 13.164119 seconds.
  path: Assets/Animation/Great Sword/HumanoidOverride.overrideController
  artifactKey: Guid(22ede69e485ba6a4e95668674c5cf78f) Importer(815301076,1909f56bfc062723c751e8b465ee728b)
Start importing Assets/Animation/Great Sword/HumanoidOverride.overrideController using Guid(22ede69e485ba6a4e95668674c5cf78f) Importer(815301076,1909f56bfc062723c751e8b465ee728b)  -> (artifact id: '2200726ba20c33af32ae9cab4dd301d9') in 0.502538 seconds
  Import took 0.533735 seconds .

========================================================================
Received Prepare
Registering precompiled user dll's ...
Registered in 0.000851 seconds.
Begin MonoManager ReloadAssembly
Native extension for WindowsStandalone target not found
Refreshing native plugins compatible for Editor in 0.34 ms, found 1 plugins.
Preloading 0 native plugins for Editor in 0.00 ms.
Mono: successfully reloaded assembly
- Completed reload, in  0.801 seconds
Platform modules already initialized, skipping
Refreshing native plugins compatible for Editor in 0.40 ms, found 1 plugins.
Preloading 0 native plugins for Editor in 0.00 ms.
Unloading 1836 Unused Serialized files (Serialized files now loaded: 0)
System memory in use before: 83.0 MB.
System memory in use after: 83.1 MB.

Unloading 8 unused Assets to reduce memory usage. Loaded Objects now: 2375.
Total: 2.491000 ms (FindLiveObjects: 0.243800 ms CreateObjectMapping: 0.140000 ms MarkObjects: 2.045500 ms  DeleteObjects: 0.060300 ms)

========================================================================
Received Import Request.
  Time since last request: 47.256283 seconds.
  path: Assets/Animation/Flask Animation.fbx
  artifactKey: Guid(20d2f49333d0b0b4ea7fe1c08df2ae3f) Importer(815301076,1909f56bfc062723c751e8b465ee728b)
Start importing Assets/Animation/Flask Animation.fbx using Guid(20d2f49333d0b0b4ea7fe1c08df2ae3f) Importer(815301076,1909f56bfc062723c751e8b465ee728b)  -> (artifact id: '5d730529090162886de1f20a15bed516') in 0.046029 seconds
  Import took 0.071965 seconds .

========================================================================
Received Import Request.
  Time since last request: 16.429902 seconds.
  path: Assets/Animation/Flask Animation.fbx
  artifactKey: Guid(20d2f49333d0b0b4ea7fe1c08df2ae3f) Importer(815301076,1909f56bfc062723c751e8b465ee728b)
Start importing Assets/Animation/Flask Animation.fbx using Guid(20d2f49333d0b0b4ea7fe1c08df2ae3f) Importer(815301076,1909f56bfc062723c751e8b465ee728b)  -> (artifact id: 'ea39cf254c4895322366c0c402a5066c') in 0.008144 seconds
  Import took 0.030043 seconds .

========================================================================
Received Prepare
Registering precompiled user dll's ...
Registered in 0.000972 seconds.
Begin MonoManager ReloadAssembly
Native extension for WindowsStandalone target not found
Refreshing native plugins compatible for Editor in 0.35 ms, found 1 plugins.
Preloading 0 native plugins for Editor in 0.00 ms.
Mono: successfully reloaded assembly
- Completed reload, in  0.802 seconds
Platform modules already initialized, skipping
Refreshing native plugins compatible for Editor in 0.34 ms, found 1 plugins.
Preloading 0 native plugins for Editor in 0.00 ms.
Unloading 1836 Unused Serialized files (Serialized files now loaded: 0)
System memory in use before: 83.2 MB.
System memory in use after: 83.3 MB.

Unloading 8 unused Assets to reduce memory usage. Loaded Objects now: 2378.
Total: 1.865000 ms (FindLiveObjects: 0.149200 ms CreateObjectMapping: 0.054600 ms MarkObjects: 1.615800 ms  DeleteObjects: 0.044500 ms)

========================================================================
Received Import Request.
  Time since last request: 47.436166 seconds.
  path: Assets/Animation/Flask Animation.fbx
  artifactKey: Guid(20d2f49333d0b0b4ea7fe1c08df2ae3f) Importer(815301076,1909f56bfc062723c751e8b465ee728b)
Start importing Assets/Animation/Flask Animation.fbx using Guid(20d2f49333d0b0b4ea7fe1c08df2ae3f) Importer(815301076,1909f56bfc062723c751e8b465ee728b)  -> (artifact id: 'bfb6d398290d9517b9bb255c69bfa2d1') in 0.043268 seconds
  Import took 0.046238 seconds .

========================================================================
Received Prepare
Registering precompiled user dll's ...
Registered in 0.001463 seconds.
Begin MonoManager ReloadAssembly
Native extension for WindowsStandalone target not found
Refreshing native plugins compatible for Editor in 0.47 ms, found 1 plugins.
Preloading 0 native plugins for Editor in 0.00 ms.
Mono: successfully reloaded assembly
- Completed reload, in  1.007 seconds
Platform modules already initialized, skipping
Refreshing native plugins compatible for Editor in 0.46 ms, found 1 plugins.
Preloading 0 native plugins for Editor in 0.00 ms.
Unloading 1836 Unused Serialized files (Serialized files now loaded: 0)
System memory in use before: 83.2 MB.
System memory in use after: 83.3 MB.

Unloading 8 unused Assets to reduce memory usage. Loaded Objects now: 2381.
Total: 2.311100 ms (FindLiveObjects: 0.201500 ms CreateObjectMapping: 0.090000 ms MarkObjects: 1.964300 ms  DeleteObjects: 0.054200 ms)

========================================================================
Received Prepare
Registering precompiled user dll's ...
Registered in 0.000855 seconds.
Begin MonoManager ReloadAssembly
Native extension for WindowsStandalone target not found
Refreshing native plugins compatible for Editor in 0.34 ms, found 1 plugins.
Preloading 0 native plugins for Editor in 0.00 ms.
Mono: successfully reloaded assembly
- Completed reload, in  0.787 seconds
Platform modules already initialized, skipping
Refreshing native plugins compatible for Editor in 0.46 ms, found 1 plugins.
Preloading 0 native plugins for Editor in 0.00 ms.
Unloading 1836 Unused Serialized files (Serialized files now loaded: 0)
System memory in use before: 83.2 MB.
System memory in use after: 83.3 MB.

Unloading 8 unused Assets to reduce memory usage. Loaded Objects now: 2384.
Total: 2.018300 ms (FindLiveObjects: 0.191600 ms CreateObjectMapping: 0.065300 ms MarkObjects: 1.702100 ms  DeleteObjects: 0.058000 ms)

========================================================================
Received Import Request.
  Time since last request: 393.069503 seconds.
  path: Assets/Assets.index
  artifactKey: Guid(c702e260602ff4d47aa6b0b99f320ed8) Importer(815301076,1909f56bfc062723c751e8b465ee728b)
Start importing Assets/Assets.index using Guid(c702e260602ff4d47aa6b0b99f320ed8) Importer(815301076,1909f56bfc062723c751e8b465ee728b)  -> (artifact id: '3f711c674ac133e09ccc3e1dfeddd68c') in 0.323958 seconds
  Import took 0.409755 seconds .

========================================================================
Received Import Request.
  Time since last request: 0.002413 seconds.
  path: Assets/Assets.index
  artifactKey: Guid(c702e260602ff4d47aa6b0b99f320ed8) Importer(815301076,1909f56bfc062723c751e8b465ee728b)
Start importing Assets/Assets.index using Guid(c702e260602ff4d47aa6b0b99f320ed8) Importer(815301076,1909f56bfc062723c751e8b465ee728b)  -> (artifact id: '3f711c674ac133e09ccc3e1dfeddd68c') in 0.006060 seconds
  Import took 0.011430 seconds .

========================================================================
Received Prepare
Registering precompiled user dll's ...
Registered in 0.000870 seconds.
Begin MonoManager ReloadAssembly
Native extension for WindowsStandalone target not found
Refreshing native plugins compatible for Editor in 0.35 ms, found 1 plugins.
Preloading 0 native plugins for Editor in 0.00 ms.
Mono: successfully reloaded assembly
- Completed reload, in  0.775 seconds
Platform modules already initialized, skipping
Refreshing native plugins compatible for Editor in 0.35 ms, found 1 plugins.
Preloading 0 native plugins for Editor in 0.00 ms.
Unloading 1836 Unused Serialized files (Serialized files now loaded: 0)
System memory in use before: 83.2 MB.
System memory in use after: 83.3 MB.

Unloading 8 unused Assets to reduce memory usage. Loaded Objects now: 2387.
Total: 1.881900 ms (FindLiveObjects: 0.165700 ms CreateObjectMapping: 0.059300 ms MarkObjects: 1.608400 ms  DeleteObjects: 0.047400 ms)

========================================================================
Received Prepare
Registering precompiled user dll's ...
Registered in 0.000882 seconds.
Begin MonoManager ReloadAssembly
Native extension for WindowsStandalone target not found
Refreshing native plugins compatible for Editor in 0.36 ms, found 1 plugins.
Preloading 0 native plugins for Editor in 0.00 ms.
Mono: successfully reloaded assembly
- Completed reload, in  0.790 seconds
Platform modules already initialized, skipping
Refreshing native plugins compatible for Editor in 0.35 ms, found 1 plugins.
Preloading 0 native plugins for Editor in 0.00 ms.
Unloading 1836 Unused Serialized files (Serialized files now loaded: 0)
System memory in use before: 83.2 MB.
System memory in use after: 83.3 MB.

Unloading 8 unused Assets to reduce memory usage. Loaded Objects now: 2390.
Total: 1.865500 ms (FindLiveObjects: 0.162600 ms CreateObjectMapping: 0.053700 ms MarkObjects: 1.602200 ms  DeleteObjects: 0.045900 ms)

========================================================================
Received Import Request.
  Time since last request: 285.346811 seconds.
  path: Assets/Animation/Humanoid.controller
  artifactKey: Guid(26c194441faf02d4282282b449846dfa) Importer(815301076,1909f56bfc062723c751e8b465ee728b)
Start importing Assets/Animation/Humanoid.controller using Guid(26c194441faf02d4282282b449846dfa) Importer(815301076,1909f56bfc062723c751e8b465ee728b)  -> (artifact id: '2ce6c8a1a656bb33e677318f4c075cde') in 0.460231 seconds
  Import took 0.503125 seconds .

========================================================================
Received Prepare
Registering precompiled user dll's ...
Registered in 0.000868 seconds.
Begin MonoManager ReloadAssembly
Native extension for WindowsStandalone target not found
Refreshing native plugins compatible for Editor in 0.34 ms, found 1 plugins.
Preloading 0 native plugins for Editor in 0.00 ms.
Mono: successfully reloaded assembly
- Completed reload, in  0.768 seconds
Platform modules already initialized, skipping
Refreshing native plugins compatible for Editor in 0.35 ms, found 1 plugins.
Preloading 0 native plugins for Editor in 0.00 ms.
Unloading 1836 Unused Serialized files (Serialized files now loaded: 0)
System memory in use before: 83.2 MB.
System memory in use after: 83.3 MB.

Unloading 8 unused Assets to reduce memory usage. Loaded Objects now: 2393.
Total: 1.924500 ms (FindLiveObjects: 0.166100 ms CreateObjectMapping: 0.055500 ms MarkObjects: 1.654500 ms  DeleteObjects: 0.047300 ms)

========================================================================
Received Prepare
Registering precompiled user dll's ...
Registered in 0.001123 seconds.
Begin MonoManager ReloadAssembly
Native extension for WindowsStandalone target not found
Refreshing native plugins compatible for Editor in 0.67 ms, found 1 plugins.
Preloading 0 native plugins for Editor in 0.00 ms.
Mono: successfully reloaded assembly
- Completed reload, in  0.831 seconds
Platform modules already initialized, skipping
Refreshing native plugins compatible for Editor in 0.35 ms, found 1 plugins.
Preloading 0 native plugins for Editor in 0.00 ms.
Unloading 1836 Unused Serialized files (Serialized files now loaded: 0)
System memory in use before: 83.2 MB.
System memory in use after: 83.3 MB.

Unloading 8 unused Assets to reduce memory usage. Loaded Objects now: 2396.
Total: 1.790700 ms (FindLiveObjects: 0.162700 ms CreateObjectMapping: 0.057700 ms MarkObjects: 1.523700 ms  DeleteObjects: 0.045700 ms)

========================================================================
Received Import Request.
  Time since last request: 134.797209 seconds.
  path: Assets/Assets.index
  artifactKey: Guid(c702e260602ff4d47aa6b0b99f320ed8) Importer(815301076,1909f56bfc062723c751e8b465ee728b)
Start importing Assets/Assets.index using Guid(c702e260602ff4d47aa6b0b99f320ed8) Importer(815301076,1909f56bfc062723c751e8b465ee728b)  -> (artifact id: '2ac80eb95be9ef1ac71ebd90c499e970') in 0.038117 seconds
  Import took 0.040820 seconds .

========================================================================
Received Import Request.
  Time since last request: 0.000215 seconds.
  path: Assets/DMGIndicator.prefab
  artifactKey: Guid(62bd2ba398716fa4db95df91ff5bc5bb) Importer(815301076,1909f56bfc062723c751e8b465ee728b)
Start importing Assets/DMGIndicator.prefab using Guid(62bd2ba398716fa4db95df91ff5bc5bb) Importer(815301076,1909f56bfc062723c751e8b465ee728b)  -> (artifact id: 'e56561771ad3e0250a2dba5ba5ef60f4') in 0.103278 seconds
  Import took 0.112609 seconds .

========================================================================
Received Import Request.
  Time since last request: 1.578859 seconds.
  path: Assets/Assets.index
  artifactKey: Guid(c702e260602ff4d47aa6b0b99f320ed8) Importer(815301076,1909f56bfc062723c751e8b465ee728b)
Start importing Assets/Assets.index using Guid(c702e260602ff4d47aa6b0b99f320ed8) Importer(815301076,1909f56bfc062723c751e8b465ee728b)  -> (artifact id: '93db9bb54e4f6f19213154bceb403219') in 0.006647 seconds
  Import took 0.018928 seconds .

========================================================================
Received Import Request.
  Time since last request: 0.760699 seconds.
  path: Assets/Assets.index
  artifactKey: Guid(c702e260602ff4d47aa6b0b99f320ed8) Importer(815301076,1909f56bfc062723c751e8b465ee728b)
Start importing Assets/Assets.index using Guid(c702e260602ff4d47aa6b0b99f320ed8) Importer(815301076,1909f56bfc062723c751e8b465ee728b)  -> (artifact id: 'cacd382195965e8a6829cb7e12ce8e28') in 0.007113 seconds
  Import took 0.025318 seconds .

========================================================================
Received Prepare
Registering precompiled user dll's ...
Registered in 0.000911 seconds.
Begin MonoManager ReloadAssembly
Native extension for WindowsStandalone target not found
Refreshing native plugins compatible for Editor in 0.33 ms, found 1 plugins.
Preloading 0 native plugins for Editor in 0.00 ms.
Mono: successfully reloaded assembly
- Completed reload, in  0.788 seconds
Platform modules already initialized, skipping
Refreshing native plugins compatible for Editor in 0.34 ms, found 1 plugins.
Preloading 0 native plugins for Editor in 0.00 ms.
Unloading 1836 Unused Serialized files (Serialized files now loaded: 0)
System memory in use before: 83.3 MB.
System memory in use after: 83.3 MB.

Unloading 8 unused Assets to reduce memory usage. Loaded Objects now: 2399.
Total: 1.927800 ms (FindLiveObjects: 0.167800 ms CreateObjectMapping: 0.065200 ms MarkObjects: 1.644200 ms  DeleteObjects: 0.049600 ms)

========================================================================
Received Import Request.
  Time since last request: 29.729818 seconds.
  path: Assets/Assets.index
  artifactKey: Guid(c702e260602ff4d47aa6b0b99f320ed8) Importer(815301076,1909f56bfc062723c751e8b465ee728b)
Start importing Assets/Assets.index using Guid(c702e260602ff4d47aa6b0b99f320ed8) Importer(815301076,1909f56bfc062723c751e8b465ee728b)  -> (artifact id: '856f594c2f96f5b4b7c748c53bd09bd6') in 0.043222 seconds
  Import took 0.078006 seconds .

========================================================================
Received Import Request.
  Time since last request: 0.000224 seconds.
  path: Assets/DMGIndicator.prefab
  artifactKey: Guid(62bd2ba398716fa4db95df91ff5bc5bb) Importer(815301076,1909f56bfc062723c751e8b465ee728b)
Start importing Assets/DMGIndicator.prefab using Guid(62bd2ba398716fa4db95df91ff5bc5bb) Importer(815301076,1909f56bfc062723c751e8b465ee728b)  -> (artifact id: '9194d2596cb2c7f723825728dfd231bd') in 0.014496 seconds
  Import took 0.033588 seconds .

========================================================================
Received Prepare
Registering precompiled user dll's ...
Registered in 0.000852 seconds.
Begin MonoManager ReloadAssembly
Native extension for WindowsStandalone target not found
Refreshing native plugins compatible for Editor in 0.35 ms, found 1 plugins.
Preloading 0 native plugins for Editor in 0.00 ms.
Mono: successfully reloaded assembly
- Completed reload, in  0.770 seconds
Platform modules already initialized, skipping
Refreshing native plugins compatible for Editor in 0.35 ms, found 1 plugins.
Preloading 0 native plugins for Editor in 0.00 ms.
Unloading 1836 Unused Serialized files (Serialized files now loaded: 0)
System memory in use before: 83.3 MB.
System memory in use after: 83.3 MB.

Unloading 8 unused Assets to reduce memory usage. Loaded Objects now: 2402.
Total: 1.831100 ms (FindLiveObjects: 0.171600 ms CreateObjectMapping: 0.061200 ms MarkObjects: 1.551100 ms  DeleteObjects: 0.046700 ms)

========================================================================
Received Prepare
Registering precompiled user dll's ...
Registered in 0.000881 seconds.
Begin MonoManager ReloadAssembly
Native extension for WindowsStandalone target not found
Refreshing native plugins compatible for Editor in 0.34 ms, found 1 plugins.
Preloading 0 native plugins for Editor in 0.00 ms.
Mono: successfully reloaded assembly
- Completed reload, in  0.762 seconds
Platform modules already initialized, skipping
Refreshing native plugins compatible for Editor in 0.34 ms, found 1 plugins.
Preloading 0 native plugins for Editor in 0.00 ms.
Unloading 1836 Unused Serialized files (Serialized files now loaded: 0)
System memory in use before: 83.3 MB.
System memory in use after: 83.4 MB.

Unloading 8 unused Assets to reduce memory usage. Loaded Objects now: 2405.
Total: 1.857100 ms (FindLiveObjects: 0.180400 ms CreateObjectMapping: 0.065400 ms MarkObjects: 1.561700 ms  DeleteObjects: 0.048300 ms)

========================================================================
Received Prepare
Registering precompiled user dll's ...
Registered in 0.000971 seconds.
Begin MonoManager ReloadAssembly
Native extension for WindowsStandalone target not found
Refreshing native plugins compatible for Editor in 0.35 ms, found 1 plugins.
Preloading 0 native plugins for Editor in 0.00 ms.
Mono: successfully reloaded assembly
- Completed reload, in  0.767 seconds
Platform modules already initialized, skipping
Refreshing native plugins compatible for Editor in 0.34 ms, found 1 plugins.
Preloading 0 native plugins for Editor in 0.00 ms.
Unloading 1836 Unused Serialized files (Serialized files now loaded: 0)
System memory in use before: 83.3 MB.
System memory in use after: 83.4 MB.

Unloading 8 unused Assets to reduce memory usage. Loaded Objects now: 2408.
Total: 1.815100 ms (FindLiveObjects: 0.163400 ms CreateObjectMapping: 0.056300 ms MarkObjects: 1.550200 ms  DeleteObjects: 0.044300 ms)

========================================================================
Received Import Request.
  Time since last request: 77.438906 seconds.
  path: Assets/Assets.index
  artifactKey: Guid(c702e260602ff4d47aa6b0b99f320ed8) Importer(815301076,1909f56bfc062723c751e8b465ee728b)
Start importing Assets/Assets.index using Guid(c702e260602ff4d47aa6b0b99f320ed8) Importer(815301076,1909f56bfc062723c751e8b465ee728b)  -> (artifact id: 'bbcb65a740fe9789a5fc047c0f349ad7') in 0.039818 seconds
  Import took 0.135441 seconds .

========================================================================
Received Import Request.
  Time since last request: 0.000283 seconds.
  path: Assets/DMGIndicator.prefab
  artifactKey: Guid(62bd2ba398716fa4db95df91ff5bc5bb) Importer(815301076,1909f56bfc062723c751e8b465ee728b)
Start importing Assets/DMGIndicator.prefab using Guid(62bd2ba398716fa4db95df91ff5bc5bb) Importer(815301076,1909f56bfc062723c751e8b465ee728b)  -> (artifact id: '326c2ddfc9c670ca0e0f873d4b72daf9') in 0.015534 seconds
  Import took 0.033323 seconds .

========================================================================
Received Import Request.
  Time since last request: 5.621903 seconds.
  path: Assets/DMGIndicator.prefab
  artifactKey: Guid(62bd2ba398716fa4db95df91ff5bc5bb) Importer(815301076,1909f56bfc062723c751e8b465ee728b)
Start importing Assets/DMGIndicator.prefab using Guid(62bd2ba398716fa4db95df91ff5bc5bb) Importer(815301076,1909f56bfc062723c751e8b465ee728b)  -> (artifact id: 'b8c938d11d833ba9660b75c10e572b1e') in 0.004304 seconds
  Import took 0.014539 seconds .

========================================================================
Received Import Request.
  Time since last request: 0.878655 seconds.
  path: Assets/Assets.index
  artifactKey: Guid(c702e260602ff4d47aa6b0b99f320ed8) Importer(815301076,1909f56bfc062723c751e8b465ee728b)
Start importing Assets/Assets.index using Guid(c702e260602ff4d47aa6b0b99f320ed8) Importer(815301076,1909f56bfc062723c751e8b465ee728b)  -> (artifact id: 'a00d65225d5595d7f5e6c3235df5be3e') in 0.006447 seconds
  Import took 0.016985 seconds .

========================================================================
Received Prepare
Registering precompiled user dll's ...
Registered in 0.000867 seconds.
Begin MonoManager ReloadAssembly
Native extension for WindowsStandalone target not found
Refreshing native plugins compatible for Editor in 0.55 ms, found 1 plugins.
Preloading 0 native plugins for Editor in 0.00 ms.
Mono: successfully reloaded assembly
- Completed reload, in  0.826 seconds
Platform modules already initialized, skipping
Refreshing native plugins compatible for Editor in 0.35 ms, found 1 plugins.
Preloading 0 native plugins for Editor in 0.00 ms.
Unloading 1836 Unused Serialized files (Serialized files now loaded: 0)
System memory in use before: 83.3 MB.
System memory in use after: 83.4 MB.

Unloading 8 unused Assets to reduce memory usage. Loaded Objects now: 2411.
Total: 2.024500 ms (FindLiveObjects: 0.176900 ms CreateObjectMapping: 0.069000 ms MarkObjects: 1.725700 ms  DeleteObjects: 0.051800 ms)

========================================================================
Received Prepare
Registering precompiled user dll's ...
Registered in 0.000946 seconds.
Begin MonoManager ReloadAssembly
Native extension for WindowsStandalone target not found
Refreshing native plugins compatible for Editor in 0.33 ms, found 1 plugins.
Preloading 0 native plugins for Editor in 0.00 ms.
Mono: successfully reloaded assembly
- Completed reload, in  0.776 seconds
Platform modules already initialized, skipping
Refreshing native plugins compatible for Editor in 0.33 ms, found 1 plugins.
Preloading 0 native plugins for Editor in 0.00 ms.
Unloading 1836 Unused Serialized files (Serialized files now loaded: 0)
System memory in use before: 83.3 MB.
System memory in use after: 83.4 MB.

Unloading 8 unused Assets to reduce memory usage. Loaded Objects now: 2414.
Total: 1.850900 ms (FindLiveObjects: 0.172500 ms CreateObjectMapping: 0.057200 ms MarkObjects: 1.574400 ms  DeleteObjects: 0.046000 ms)

========================================================================
Received Import Request.
  Time since last request: 122.397045 seconds.
  path: Assets/Assets.index
  artifactKey: Guid(c702e260602ff4d47aa6b0b99f320ed8) Importer(815301076,1909f56bfc062723c751e8b465ee728b)
Start importing Assets/Assets.index using Guid(c702e260602ff4d47aa6b0b99f320ed8) Importer(815301076,1909f56bfc062723c751e8b465ee728b)  -> (artifact id: '0889e9b516772d90d2c3ad53e205d632') in 0.066737 seconds
  Import took 0.069394 seconds .

========================================================================
Received Prepare
Registering precompiled user dll's ...
Registered in 0.001084 seconds.
Begin MonoManager ReloadAssembly
Native extension for WindowsStandalone target not found
Refreshing native plugins compatible for Editor in 0.36 ms, found 1 plugins.
Preloading 0 native plugins for Editor in 0.00 ms.
Mono: successfully reloaded assembly
- Completed reload, in  0.786 seconds
Platform modules already initialized, skipping
Refreshing native plugins compatible for Editor in 0.34 ms, found 1 plugins.
Preloading 0 native plugins for Editor in 0.00 ms.
Unloading 1836 Unused Serialized files (Serialized files now loaded: 0)
System memory in use before: 83.3 MB.
System memory in use after: 83.4 MB.

Unloading 8 unused Assets to reduce memory usage. Loaded Objects now: 2417.
Total: 2.241700 ms (FindLiveObjects: 0.189800 ms CreateObjectMapping: 0.066800 ms MarkObjects: 1.933400 ms  DeleteObjects: 0.050500 ms)

========================================================================
Received Prepare
Registering precompiled user dll's ...
Registered in 0.000943 seconds.
Begin MonoManager ReloadAssembly
Native extension for WindowsStandalone target not found
Refreshing native plugins compatible for Editor in 0.34 ms, found 1 plugins.
Preloading 0 native plugins for Editor in 0.00 ms.
Mono: successfully reloaded assembly
- Completed reload, in  0.777 seconds
Platform modules already initialized, skipping
Refreshing native plugins compatible for Editor in 0.34 ms, found 1 plugins.
Preloading 0 native plugins for Editor in 0.00 ms.
Unloading 1836 Unused Serialized files (Serialized files now loaded: 0)
System memory in use before: 83.3 MB.
System memory in use after: 83.4 MB.

Unloading 8 unused Assets to reduce memory usage. Loaded Objects now: 2420.
Total: 1.824900 ms (FindLiveObjects: 0.172000 ms CreateObjectMapping: 0.060700 ms MarkObjects: 1.539300 ms  DeleteObjects: 0.051800 ms)

========================================================================
Received Prepare
Registering precompiled user dll's ...
Registered in 0.001072 seconds.
Begin MonoManager ReloadAssembly
Native extension for WindowsStandalone target not found
Refreshing native plugins compatible for Editor in 0.35 ms, found 1 plugins.
Preloading 0 native plugins for Editor in 0.00 ms.
Mono: successfully reloaded assembly
- Completed reload, in  0.776 seconds
Platform modules already initialized, skipping
Refreshing native plugins compatible for Editor in 0.35 ms, found 1 plugins.
Preloading 0 native plugins for Editor in 0.00 ms.
Unloading 1836 Unused Serialized files (Serialized files now loaded: 0)
System memory in use before: 83.3 MB.
System memory in use after: 83.4 MB.

Unloading 8 unused Assets to reduce memory usage. Loaded Objects now: 2423.
Total: 2.092100 ms (FindLiveObjects: 0.155600 ms CreateObjectMapping: 0.051500 ms MarkObjects: 1.835500 ms  DeleteObjects: 0.048800 ms)

AssetImportWorkerClient::OnTransportError - code=2 error=End of file
