Using pre-set license
Built from '2020.3/staging' branch; Version is '2020.3.9f1 (108be757e447) revision 1084391'; Using compiler version '192528614'; Build Type 'Release'
OS: 'Windows 10 Home; OS build 19044.2728; Version 2009; 64bit' Language: 'en' Physical Memory: 16122 MB
BatchMode: 1, IsHumanControllingUs: 0, StartBugReporterOnCrash: 0, Is64bit: 1, IsPro: 0

 COMMAND LINE ARGUMENTS:
C:\Program Files\Unity\Hub\Editor\2020.3.9f1\Editor\Unity.exe
-adb2
-batchMode
-noUpm
-name
AssetImportWorker0
-projectPath
E:/Unity Yr2/Games Design and Development/Lab 1/Archontas RIngs 2 v2 Remake
-logFile
Logs/AssetImportWorker0.log
-srvPort
51318
Successfully changed project path to: E:/Unity Yr2/Games Design and Development/Lab 1/Archontas RIngs 2 v2 Remake
E:/Unity Yr2/Games Design and Development/Lab 1/Archontas RIngs 2 v2 Remake
Using Asset Import Pipeline V2.
Refreshing native plugins compatible for Editor in 27.48 ms, found 1 plugins.
Preloading 0 native plugins for Editor in 0.00 ms.
Initialize engine version: 2020.3.9f1 (108be757e447)
[Subsystems] Discovering subsystems at path C:/Program Files/Unity/Hub/Editor/2020.3.9f1/Editor/Data/Resources/UnitySubsystems
[Subsystems] Discovering subsystems at path E:/Unity Yr2/Games Design and Development/Lab 1/Archontas RIngs 2 v2 Remake/Assets
GfxDevice: creating device client; threaded=0
Direct3D:
    Version:  Direct3D 11.0 [level 11.1]
    Renderer: NVIDIA GeForce RTX 3050 Laptop GPU (ID=0x25a5)
    Vendor:   
    VRAM:     3991 MB
    Driver:   31.0.15.1720
Initialize mono
Mono path[0] = 'C:/Program Files/Unity/Hub/Editor/2020.3.9f1/Editor/Data/Managed'
Mono path[1] = 'C:/Program Files/Unity/Hub/Editor/2020.3.9f1/Editor/Data/MonoBleedingEdge/lib/mono/unityjit'
Mono config path = 'C:/Program Files/Unity/Hub/Editor/2020.3.9f1/Editor/Data/MonoBleedingEdge/etc'
Using monoOptions --debugger-agent=transport=dt_socket,embedding=1,server=y,suspend=n,address=127.0.0.1:56704
Begin MonoManager ReloadAssembly
Registering precompiled unity dll's ...
Register platform support module: C:/Program Files/Unity/Hub/Editor/2020.3.9f1/Editor/Data/PlaybackEngines/WindowsStandaloneSupport/UnityEditor.WindowsStandalone.Extensions.dll
Registered in 0.001407 seconds.
Native extension for WindowsStandalone target not found
Refreshing native plugins compatible for Editor in 29.10 ms, found 1 plugins.
Preloading 0 native plugins for Editor in 0.00 ms.
Mono: successfully reloaded assembly
- Completed reload, in  0.758 seconds
Platform modules already initialized, skipping
Registering precompiled user dll's ...
Registered in 0.000770 seconds.
Begin MonoManager ReloadAssembly
Native extension for WindowsStandalone target not found
Refreshing native plugins compatible for Editor in 37.62 ms, found 1 plugins.
Preloading 0 native plugins for Editor in 0.00 ms.
Mono: successfully reloaded assembly
- Completed reload, in  0.846 seconds
Platform modules already initialized, skipping
========================================================================
Worker process is ready to serve import requests
Launched and connected shader compiler UnityShaderCompiler.exe after 0.05 seconds
Refreshing native plugins compatible for Editor in 0.33 ms, found 1 plugins.
Preloading 0 native plugins for Editor in 0.00 ms.
Unloading 1853 Unused Serialized files (Serialized files now loaded: 0)
System memory in use before: 84.5 MB.
System memory in use after: 84.5 MB.

Unloading 15 unused Assets to reduce memory usage. Loaded Objects now: 2295.
Total: 2.219000 ms (FindLiveObjects: 0.158500 ms CreateObjectMapping: 0.032700 ms MarkObjects: 1.908000 ms  DeleteObjects: 0.118200 ms)

========================================================================
Received Import Request.
  path: Assets/Animation/PlayerHumanoid.controller
  artifactKey: Guid(d838ad91eedecfd48b7e30b7f0e75096) Importer(815301076,1909f56bfc062723c751e8b465ee728b)
Start importing Assets/Animation/PlayerHumanoid.controller using Guid(d838ad91eedecfd48b7e30b7f0e75096) Importer(815301076,1909f56bfc062723c751e8b465ee728b)  -> (artifact id: '0b8bce2a21268bcf4385312964f3c99f') in 0.155829 seconds
  Import took 0.272249 seconds .

========================================================================
Received Prepare
Registering precompiled user dll's ...
Registered in 0.000726 seconds.
Begin MonoManager ReloadAssembly
Native extension for WindowsStandalone target not found
Refreshing native plugins compatible for Editor in 0.37 ms, found 1 plugins.
Preloading 0 native plugins for Editor in 0.00 ms.
Mono: successfully reloaded assembly
- Completed reload, in  0.681 seconds
Platform modules already initialized, skipping
Refreshing native plugins compatible for Editor in 0.34 ms, found 1 plugins.
Preloading 0 native plugins for Editor in 0.00 ms.
Unloading 1834 Unused Serialized files (Serialized files now loaded: 0)
System memory in use before: 83.3 MB.
System memory in use after: 83.4 MB.

Unloading 8 unused Assets to reduce memory usage. Loaded Objects now: 2298.
Total: 1.903600 ms (FindLiveObjects: 0.173500 ms CreateObjectMapping: 0.031800 ms MarkObjects: 1.624000 ms  DeleteObjects: 0.073100 ms)

========================================================================
Received Prepare
Registering precompiled user dll's ...
Registered in 0.000747 seconds.
Begin MonoManager ReloadAssembly
Native extension for WindowsStandalone target not found
Refreshing native plugins compatible for Editor in 0.35 ms, found 1 plugins.
Preloading 0 native plugins for Editor in 0.00 ms.
Mono: successfully reloaded assembly
- Completed reload, in  0.630 seconds
Platform modules already initialized, skipping
Refreshing native plugins compatible for Editor in 0.37 ms, found 1 plugins.
Preloading 0 native plugins for Editor in 0.00 ms.
Unloading 1834 Unused Serialized files (Serialized files now loaded: 0)
System memory in use before: 83.3 MB.
System memory in use after: 83.4 MB.

Unloading 8 unused Assets to reduce memory usage. Loaded Objects now: 2301.
Total: 1.629700 ms (FindLiveObjects: 0.130600 ms CreateObjectMapping: 0.029900 ms MarkObjects: 1.399200 ms  DeleteObjects: 0.069000 ms)

========================================================================
Received Prepare
Registering precompiled user dll's ...
Registered in 0.000741 seconds.
Begin MonoManager ReloadAssembly
Native extension for WindowsStandalone target not found
Refreshing native plugins compatible for Editor in 0.55 ms, found 1 plugins.
Preloading 0 native plugins for Editor in 0.00 ms.
Mono: successfully reloaded assembly
- Completed reload, in  0.706 seconds
Platform modules already initialized, skipping
Refreshing native plugins compatible for Editor in 0.37 ms, found 1 plugins.
Preloading 0 native plugins for Editor in 0.00 ms.
Unloading 1834 Unused Serialized files (Serialized files now loaded: 0)
System memory in use before: 83.3 MB.
System memory in use after: 83.4 MB.

Unloading 8 unused Assets to reduce memory usage. Loaded Objects now: 2304.
Total: 1.574500 ms (FindLiveObjects: 0.162600 ms CreateObjectMapping: 0.031200 ms MarkObjects: 1.323500 ms  DeleteObjects: 0.055600 ms)

========================================================================
Received Import Request.
  Time since last request: 729.847595 seconds.
  path: Assets/DMGIndicator.prefab
  artifactKey: Guid(49919ce4aa2e39849a470657fbee7c68) Importer(815301076,1909f56bfc062723c751e8b465ee728b)
Start importing Assets/DMGIndicator.prefab using Guid(49919ce4aa2e39849a470657fbee7c68) Importer(815301076,1909f56bfc062723c751e8b465ee728b)  -> (artifact id: '79c4f81d578c896e4a6b778d0d656a1f') in 0.041902 seconds
  Import took 0.056497 seconds .

========================================================================
Received Import Request.
  Time since last request: 0.699459 seconds.
  path: Assets/Assets.index
  artifactKey: Guid(c702e260602ff4d47aa6b0b99f320ed8) Importer(815301076,1909f56bfc062723c751e8b465ee728b)
Start importing Assets/Assets.index using Guid(c702e260602ff4d47aa6b0b99f320ed8) Importer(815301076,1909f56bfc062723c751e8b465ee728b)  -> (artifact id: 'adc4886b7021154d618b71b294daaf24') in 0.035288 seconds
  Import took 0.068904 seconds .

========================================================================
Received Prepare
Registering precompiled user dll's ...
Registered in 0.000930 seconds.
Begin MonoManager ReloadAssembly
Native extension for WindowsStandalone target not found
Refreshing native plugins compatible for Editor in 0.38 ms, found 1 plugins.
Preloading 0 native plugins for Editor in 0.00 ms.
Mono: successfully reloaded assembly
- Completed reload, in  0.669 seconds
Platform modules already initialized, skipping
Refreshing native plugins compatible for Editor in 0.33 ms, found 1 plugins.
Preloading 0 native plugins for Editor in 0.00 ms.
Unloading 1834 Unused Serialized files (Serialized files now loaded: 0)
System memory in use before: 83.4 MB.
System memory in use after: 83.4 MB.

Unloading 8 unused Assets to reduce memory usage. Loaded Objects now: 2307.
Total: 1.561000 ms (FindLiveObjects: 0.142200 ms CreateObjectMapping: 0.033300 ms MarkObjects: 1.329700 ms  DeleteObjects: 0.054500 ms)

========================================================================
Received Import Request.
  Time since last request: 334.801818 seconds.
  path: Assets/FIXEDSKELTOR.prefab
  artifactKey: Guid(32ba900e956516d45afac55792c033f4) Importer(815301076,1909f56bfc062723c751e8b465ee728b)
Start importing Assets/FIXEDSKELTOR.prefab using Guid(32ba900e956516d45afac55792c033f4) Importer(815301076,1909f56bfc062723c751e8b465ee728b)  -> (artifact id: 'fa228769693154b5ed1342c2d76460a9') in 0.386056 seconds
  Import took 0.421082 seconds .

========================================================================
Received Prepare
Registering precompiled user dll's ...
Registered in 0.000764 seconds.
Begin MonoManager ReloadAssembly
Native extension for WindowsStandalone target not found
Refreshing native plugins compatible for Editor in 0.61 ms, found 1 plugins.
Preloading 0 native plugins for Editor in 0.00 ms.
Mono: successfully reloaded assembly
- Completed reload, in  0.814 seconds
Platform modules already initialized, skipping
Refreshing native plugins compatible for Editor in 0.35 ms, found 1 plugins.
Preloading 0 native plugins for Editor in 0.00 ms.
Unloading 1834 Unused Serialized files (Serialized files now loaded: 0)
System memory in use before: 100.1 MB.
System memory in use after: 100.2 MB.

Unloading 11 unused Assets to reduce memory usage. Loaded Objects now: 2318.
Total: 1.961300 ms (FindLiveObjects: 0.153000 ms CreateObjectMapping: 0.035500 ms MarkObjects: 1.689900 ms  DeleteObjects: 0.080900 ms)

========================================================================
Received Import Request.
  Time since last request: 702.493238 seconds.
  path: Assets/FIXEDSKELTOR.prefab
  artifactKey: Guid(32ba900e956516d45afac55792c033f4) Importer(815301076,1909f56bfc062723c751e8b465ee728b)
Start importing Assets/FIXEDSKELTOR.prefab using Guid(32ba900e956516d45afac55792c033f4) Importer(815301076,1909f56bfc062723c751e8b465ee728b)  -> (artifact id: 'c1ddff13d20d41d4c37ce809529aabb0') in 0.362147 seconds
  Import took 0.503948 seconds .

========================================================================
Received Prepare
Registering precompiled user dll's ...
Registered in 0.001312 seconds.
Begin MonoManager ReloadAssembly
Native extension for WindowsStandalone target not found
Refreshing native plugins compatible for Editor in 0.37 ms, found 1 plugins.
Preloading 0 native plugins for Editor in 0.00 ms.
Mono: successfully reloaded assembly
- Completed reload, in  0.763 seconds
Platform modules already initialized, skipping
Refreshing native plugins compatible for Editor in 0.37 ms, found 1 plugins.
Preloading 0 native plugins for Editor in 0.00 ms.
Unloading 1834 Unused Serialized files (Serialized files now loaded: 0)
System memory in use before: 100.1 MB.
System memory in use after: 100.2 MB.

Unloading 11 unused Assets to reduce memory usage. Loaded Objects now: 2322.
Total: 2.503700 ms (FindLiveObjects: 0.307200 ms CreateObjectMapping: 0.080900 ms MarkObjects: 2.010300 ms  DeleteObjects: 0.101700 ms)

========================================================================
Received Prepare
Registering precompiled user dll's ...
Registered in 0.002854 seconds.
Begin MonoManager ReloadAssembly
Native extension for WindowsStandalone target not found
Refreshing native plugins compatible for Editor in 0.35 ms, found 1 plugins.
Preloading 0 native plugins for Editor in 0.00 ms.
Mono: successfully reloaded assembly
- Completed reload, in  0.789 seconds
Platform modules already initialized, skipping
Refreshing native plugins compatible for Editor in 0.36 ms, found 1 plugins.
Preloading 0 native plugins for Editor in 0.00 ms.
Unloading 1834 Unused Serialized files (Serialized files now loaded: 0)
System memory in use before: 100.1 MB.
System memory in use after: 100.2 MB.

Unloading 8 unused Assets to reduce memory usage. Loaded Objects now: 2325.
Total: 1.796900 ms (FindLiveObjects: 0.194800 ms CreateObjectMapping: 0.030600 ms MarkObjects: 1.516300 ms  DeleteObjects: 0.053800 ms)

========================================================================
Received Import Request.
  Time since last request: 174.425829 seconds.
  path: Assets/TextMesh Pro/Examples & Extras/Fonts/Anton.ttf
  artifactKey: Guid(997a43b767814dd0a7642ec9b78cba41) Importer(815301076,1909f56bfc062723c751e8b465ee728b)
Start importing Assets/TextMesh Pro/Examples & Extras/Fonts/Anton.ttf using Guid(997a43b767814dd0a7642ec9b78cba41) Importer(815301076,1909f56bfc062723c751e8b465ee728b)  -> (artifact id: 'a682bbb39787555d96ca66a99595bfc7') in 0.503667 seconds
  Import took 0.527460 seconds .

========================================================================
Received Import Request.
  Time since last request: 0.000269 seconds.
  path: Assets/TextMesh Pro/Examples & Extras/Fonts/Oswald-Bold.ttf
  artifactKey: Guid(c9f6d0e7bc8541498c9a4799ba184ede) Importer(815301076,1909f56bfc062723c751e8b465ee728b)
Start importing Assets/TextMesh Pro/Examples & Extras/Fonts/Oswald-Bold.ttf using Guid(c9f6d0e7bc8541498c9a4799ba184ede) Importer(815301076,1909f56bfc062723c751e8b465ee728b)  -> (artifact id: '9d313bcea6b6ddf2c8c0bdfd1fb81dfc') in 0.067470 seconds
  Import took 0.091783 seconds .

========================================================================
Received Import Request.
  Time since last request: 0.000206 seconds.
  path: Assets/TextMesh Pro/Examples & Extras/Fonts/Roboto-Bold.ttf
  artifactKey: Guid(4beb055f07aaff244873dec698d0363e) Importer(815301076,1909f56bfc062723c751e8b465ee728b)
Start importing Assets/TextMesh Pro/Examples & Extras/Fonts/Roboto-Bold.ttf using Guid(4beb055f07aaff244873dec698d0363e) Importer(815301076,1909f56bfc062723c751e8b465ee728b)  -> (artifact id: '6c0d3d5e9fbf8ba6903c17dcbf477454') in 0.043935 seconds
  Import took 0.061070 seconds .

========================================================================
Received Import Request.
  Time since last request: 0.000212 seconds.
  path: Assets/TextMesh Pro/Examples & Extras/Fonts/Electronic Highway Sign.TTF
  artifactKey: Guid(8a2b9e2a607dd2143b58c44bc32410b4) Importer(815301076,1909f56bfc062723c751e8b465ee728b)
Start importing Assets/TextMesh Pro/Examples & Extras/Fonts/Electronic Highway Sign.TTF using Guid(8a2b9e2a607dd2143b58c44bc32410b4) Importer(815301076,1909f56bfc062723c751e8b465ee728b)  -> (artifact id: 'e9ac7beed70274322407e6f2201347ab') in 0.035601 seconds
  Import took 0.049606 seconds .

========================================================================
Received Import Request.
  Time since last request: 0.000345 seconds.
  path: Assets/TextMesh Pro/Fonts/LiberationSans.ttf
  artifactKey: Guid(e3265ab4bf004d28a9537516768c1c75) Importer(815301076,1909f56bfc062723c751e8b465ee728b)
Start importing Assets/TextMesh Pro/Fonts/LiberationSans.ttf using Guid(e3265ab4bf004d28a9537516768c1c75) Importer(815301076,1909f56bfc062723c751e8b465ee728b)  -> (artifact id: 'bdddd331c3f1b7826858a8d92db67e39') in 0.017900 seconds
  Import took 0.038526 seconds .

========================================================================
Received Import Request.
  Time since last request: 0.000330 seconds.
  path: Assets/TextMesh Pro/Examples & Extras/Fonts/Bangers.ttf
  artifactKey: Guid(5dd49b3eacc540408c98eee0de38e0f1) Importer(815301076,1909f56bfc062723c751e8b465ee728b)
Start importing Assets/TextMesh Pro/Examples & Extras/Fonts/Bangers.ttf using Guid(5dd49b3eacc540408c98eee0de38e0f1) Importer(815301076,1909f56bfc062723c751e8b465ee728b)  -> (artifact id: '4bcbddb7e72e92fa3a6f13b2b0717c42') in 0.033150 seconds
  Import took 0.037656 seconds .

========================================================================
Received Prepare
Registering precompiled user dll's ...
Registered in 0.000764 seconds.
Begin MonoManager ReloadAssembly
Native extension for WindowsStandalone target not found
Refreshing native plugins compatible for Editor in 0.37 ms, found 1 plugins.
Preloading 0 native plugins for Editor in 0.00 ms.
Mono: successfully reloaded assembly
- Completed reload, in  0.717 seconds
Platform modules already initialized, skipping
Refreshing native plugins compatible for Editor in 0.38 ms, found 1 plugins.
Preloading 0 native plugins for Editor in 0.00 ms.
Unloading 1834 Unused Serialized files (Serialized files now loaded: 0)
System memory in use before: 100.5 MB.
System memory in use after: 100.6 MB.

Unloading 8 unused Assets to reduce memory usage. Loaded Objects now: 2366.
Total: 1.739400 ms (FindLiveObjects: 0.155600 ms CreateObjectMapping: 0.032000 ms MarkObjects: 1.482900 ms  DeleteObjects: 0.067600 ms)

========================================================================
Received Import Request.
  Time since last request: 2031.498061 seconds.
  path: Assets/DMGIndicator.prefab
  artifactKey: Guid(49919ce4aa2e39849a470657fbee7c68) Importer(815301076,1909f56bfc062723c751e8b465ee728b)
Start importing Assets/DMGIndicator.prefab using Guid(49919ce4aa2e39849a470657fbee7c68) Importer(815301076,1909f56bfc062723c751e8b465ee728b)  -> (artifact id: '92c4b68c789d584ffc6fea29b193d0c1') in 0.029433 seconds
  Import took 0.043076 seconds .

========================================================================
Received Import Request.
  Time since last request: 0.000298 seconds.
  path: Assets/Assets.index
  artifactKey: Guid(c702e260602ff4d47aa6b0b99f320ed8) Importer(815301076,1909f56bfc062723c751e8b465ee728b)
Start importing Assets/Assets.index using Guid(c702e260602ff4d47aa6b0b99f320ed8) Importer(815301076,1909f56bfc062723c751e8b465ee728b)  -> (artifact id: '8725f7bba6febfc096fef216e6ee51c7') in 0.026821 seconds
  Import took 0.042008 seconds .

========================================================================
Received Prepare
Registering precompiled user dll's ...
Registered in 0.000858 seconds.
Begin MonoManager ReloadAssembly
Native extension for WindowsStandalone target not found
Refreshing native plugins compatible for Editor in 0.39 ms, found 1 plugins.
Preloading 0 native plugins for Editor in 0.00 ms.
Mono: successfully reloaded assembly
- Completed reload, in  0.633 seconds
Platform modules already initialized, skipping
Refreshing native plugins compatible for Editor in 0.34 ms, found 1 plugins.
Preloading 0 native plugins for Editor in 0.00 ms.
Unloading 1834 Unused Serialized files (Serialized files now loaded: 0)
System memory in use before: 100.5 MB.
System memory in use after: 100.6 MB.

Unloading 8 unused Assets to reduce memory usage. Loaded Objects now: 2369.
Total: 1.704800 ms (FindLiveObjects: 0.139100 ms CreateObjectMapping: 0.032700 ms MarkObjects: 1.477700 ms  DeleteObjects: 0.054300 ms)

========================================================================
Received Prepare
Registering precompiled user dll's ...
Registered in 0.000702 seconds.
Begin MonoManager ReloadAssembly
Native extension for WindowsStandalone target not found
Refreshing native plugins compatible for Editor in 0.40 ms, found 1 plugins.
Preloading 0 native plugins for Editor in 0.00 ms.
Mono: successfully reloaded assembly
- Completed reload, in  0.695 seconds
Platform modules already initialized, skipping
Refreshing native plugins compatible for Editor in 0.54 ms, found 1 plugins.
Preloading 0 native plugins for Editor in 0.00 ms.
Unloading 1834 Unused Serialized files (Serialized files now loaded: 0)
System memory in use before: 100.5 MB.
System memory in use after: 100.6 MB.

Unloading 8 unused Assets to reduce memory usage. Loaded Objects now: 2372.
Total: 1.683100 ms (FindLiveObjects: 0.161000 ms CreateObjectMapping: 0.030600 ms MarkObjects: 1.432500 ms  DeleteObjects: 0.057800 ms)

========================================================================
Received Prepare
Registering precompiled user dll's ...
Registered in 0.001141 seconds.
Begin MonoManager ReloadAssembly
Native extension for WindowsStandalone target not found
Refreshing native plugins compatible for Editor in 0.36 ms, found 1 plugins.
Preloading 0 native plugins for Editor in 0.00 ms.
Mono: successfully reloaded assembly
- Completed reload, in  0.734 seconds
Platform modules already initialized, skipping
Refreshing native plugins compatible for Editor in 0.34 ms, found 1 plugins.
Preloading 0 native plugins for Editor in 0.00 ms.
Unloading 1834 Unused Serialized files (Serialized files now loaded: 0)
System memory in use before: 100.5 MB.
System memory in use after: 100.6 MB.

Unloading 8 unused Assets to reduce memory usage. Loaded Objects now: 2375.
Total: 1.995300 ms (FindLiveObjects: 0.190400 ms CreateObjectMapping: 0.034800 ms MarkObjects: 1.693200 ms  DeleteObjects: 0.074800 ms)

========================================================================
Received Prepare
Registering precompiled user dll's ...
Registered in 0.001032 seconds.
Begin MonoManager ReloadAssembly
Native extension for WindowsStandalone target not found
Refreshing native plugins compatible for Editor in 0.35 ms, found 1 plugins.
Preloading 0 native plugins for Editor in 0.00 ms.
Mono: successfully reloaded assembly
- Completed reload, in  0.762 seconds
Platform modules already initialized, skipping
Refreshing native plugins compatible for Editor in 0.42 ms, found 1 plugins.
Preloading 0 native plugins for Editor in 0.00 ms.
Unloading 1834 Unused Serialized files (Serialized files now loaded: 0)
System memory in use before: 100.5 MB.
System memory in use after: 100.6 MB.

Unloading 8 unused Assets to reduce memory usage. Loaded Objects now: 2378.
Total: 2.371500 ms (FindLiveObjects: 0.301500 ms CreateObjectMapping: 0.057800 ms MarkObjects: 1.921500 ms  DeleteObjects: 0.088300 ms)

========================================================================
Received Import Request.
  Time since last request: 250.172124 seconds.
  path: Assets/DMGIndicator.prefab
  artifactKey: Guid(49919ce4aa2e39849a470657fbee7c68) Importer(815301076,1909f56bfc062723c751e8b465ee728b)
Start importing Assets/DMGIndicator.prefab using Guid(49919ce4aa2e39849a470657fbee7c68) Importer(815301076,1909f56bfc062723c751e8b465ee728b)  -> (artifact id: '39c075c38e551dad7f297fe4a43fc914') in 0.035559 seconds
  Import took 0.043563 seconds .

========================================================================
Received Import Request.
  Time since last request: 0.715907 seconds.
  path: Assets/Assets.index
  artifactKey: Guid(c702e260602ff4d47aa6b0b99f320ed8) Importer(815301076,1909f56bfc062723c751e8b465ee728b)
Start importing Assets/Assets.index using Guid(c702e260602ff4d47aa6b0b99f320ed8) Importer(815301076,1909f56bfc062723c751e8b465ee728b)  -> (artifact id: '0697b76fda12d2b1fc0ff1f5982bbc53') in 0.030029 seconds
  Import took 0.067637 seconds .

========================================================================
Received Import Request.
  Time since last request: 74.927797 seconds.
  path: Assets/DMGIndicator 1.prefab
  artifactKey: Guid(62bd2ba398716fa4db95df91ff5bc5bb) Importer(815301076,1909f56bfc062723c751e8b465ee728b)
Start importing Assets/DMGIndicator 1.prefab using Guid(62bd2ba398716fa4db95df91ff5bc5bb) Importer(815301076,1909f56bfc062723c751e8b465ee728b)  -> (artifact id: 'f3454546d2eeaee1a60634c008ca19f7') in 0.009003 seconds
  Import took 0.013149 seconds .

========================================================================
Received Import Request.
  Time since last request: 0.753302 seconds.
  path: Assets/Assets.index
  artifactKey: Guid(c702e260602ff4d47aa6b0b99f320ed8) Importer(815301076,1909f56bfc062723c751e8b465ee728b)
Start importing Assets/Assets.index using Guid(c702e260602ff4d47aa6b0b99f320ed8) Importer(815301076,1909f56bfc062723c751e8b465ee728b)  -> (artifact id: '2654ef71f0c6b06818cfc1cc65517e62') in 0.006206 seconds
  Import took 0.034354 seconds .

========================================================================
Received Import Request.
  Time since last request: 8.455529 seconds.
  path: Assets/Assets.index
  artifactKey: Guid(c702e260602ff4d47aa6b0b99f320ed8) Importer(815301076,1909f56bfc062723c751e8b465ee728b)
Start importing Assets/Assets.index using Guid(c702e260602ff4d47aa6b0b99f320ed8) Importer(815301076,1909f56bfc062723c751e8b465ee728b)  -> (artifact id: '29ec8ed80d47fe3b5a6c4dbe954b38be') in 0.007243 seconds
  Import took 0.024273 seconds .

========================================================================
Received Import Request.
  Time since last request: 5.957269 seconds.
  path: Assets/DMGIndicator.prefab
  artifactKey: Guid(62bd2ba398716fa4db95df91ff5bc5bb) Importer(815301076,1909f56bfc062723c751e8b465ee728b)
Start importing Assets/DMGIndicator.prefab using Guid(62bd2ba398716fa4db95df91ff5bc5bb) Importer(815301076,1909f56bfc062723c751e8b465ee728b)  -> (artifact id: '4bcdc7765b12411689b2a0357d78f7ea') in 0.004862 seconds
  Import took 0.007786 seconds .

========================================================================
Received Import Request.
  Time since last request: 0.005037 seconds.
  path: Assets/DMGIndicator.prefab
  artifactKey: Guid(62bd2ba398716fa4db95df91ff5bc5bb) Importer(815301076,1909f56bfc062723c751e8b465ee728b)
Start importing Assets/DMGIndicator.prefab using Guid(62bd2ba398716fa4db95df91ff5bc5bb) Importer(815301076,1909f56bfc062723c751e8b465ee728b)  -> (artifact id: '4bcdc7765b12411689b2a0357d78f7ea') in 0.004977 seconds
  Import took 0.014215 seconds .

========================================================================
Received Import Request.
  Time since last request: 0.736414 seconds.
  path: Assets/Assets.index
  artifactKey: Guid(c702e260602ff4d47aa6b0b99f320ed8) Importer(815301076,1909f56bfc062723c751e8b465ee728b)
Start importing Assets/Assets.index using Guid(c702e260602ff4d47aa6b0b99f320ed8) Importer(815301076,1909f56bfc062723c751e8b465ee728b)  -> (artifact id: '437366c729da2b3dc51b6b9df6be4b72') in 0.005567 seconds
  Import took 0.027436 seconds .

========================================================================
Received Prepare
Registering precompiled user dll's ...
Registered in 0.000744 seconds.
Begin MonoManager ReloadAssembly
Native extension for WindowsStandalone target not found
Refreshing native plugins compatible for Editor in 0.49 ms, found 1 plugins.
Preloading 0 native plugins for Editor in 0.00 ms.
Mono: successfully reloaded assembly
- Completed reload, in  0.823 seconds
Platform modules already initialized, skipping
Refreshing native plugins compatible for Editor in 0.35 ms, found 1 plugins.
Preloading 0 native plugins for Editor in 0.00 ms.
Unloading 1834 Unused Serialized files (Serialized files now loaded: 0)
System memory in use before: 100.7 MB.
System memory in use after: 100.8 MB.

Unloading 8 unused Assets to reduce memory usage. Loaded Objects now: 2381.
Total: 2.012900 ms (FindLiveObjects: 0.168900 ms CreateObjectMapping: 0.033000 ms MarkObjects: 1.748400 ms  DeleteObjects: 0.061200 ms)

========================================================================
Received Prepare
Registering precompiled user dll's ...
Registered in 0.001746 seconds.
Begin MonoManager ReloadAssembly
Native extension for WindowsStandalone target not found
Refreshing native plugins compatible for Editor in 0.35 ms, found 1 plugins.
Preloading 0 native plugins for Editor in 0.00 ms.
Mono: successfully reloaded assembly
- Completed reload, in  0.768 seconds
Platform modules already initialized, skipping
Refreshing native plugins compatible for Editor in 0.56 ms, found 1 plugins.
Preloading 0 native plugins for Editor in 0.00 ms.
Unloading 1834 Unused Serialized files (Serialized files now loaded: 0)
System memory in use before: 100.7 MB.
System memory in use after: 100.8 MB.

Unloading 8 unused Assets to reduce memory usage. Loaded Objects now: 2384.
Total: 1.689400 ms (FindLiveObjects: 0.150100 ms CreateObjectMapping: 0.031000 ms MarkObjects: 1.448800 ms  DeleteObjects: 0.058400 ms)

========================================================================
Received Prepare
Registering precompiled user dll's ...
Registered in 0.001068 seconds.
Begin MonoManager ReloadAssembly
Native extension for WindowsStandalone target not found
Refreshing native plugins compatible for Editor in 0.56 ms, found 1 plugins.
Preloading 0 native plugins for Editor in 0.00 ms.
Mono: successfully reloaded assembly
- Completed reload, in  0.807 seconds
Platform modules already initialized, skipping
Refreshing native plugins compatible for Editor in 0.39 ms, found 1 plugins.
Preloading 0 native plugins for Editor in 0.00 ms.
Unloading 1834 Unused Serialized files (Serialized files now loaded: 0)
System memory in use before: 100.7 MB.
System memory in use after: 100.8 MB.

Unloading 8 unused Assets to reduce memory usage. Loaded Objects now: 2387.
Total: 1.630600 ms (FindLiveObjects: 0.145400 ms CreateObjectMapping: 0.035000 ms MarkObjects: 1.398100 ms  DeleteObjects: 0.051300 ms)

========================================================================
Received Prepare
Registering precompiled user dll's ...
Registered in 0.000964 seconds.
Begin MonoManager ReloadAssembly
Native extension for WindowsStandalone target not found
Refreshing native plugins compatible for Editor in 0.43 ms, found 1 plugins.
Preloading 0 native plugins for Editor in 0.00 ms.
Mono: successfully reloaded assembly
- Completed reload, in  0.737 seconds
Platform modules already initialized, skipping
Refreshing native plugins compatible for Editor in 0.61 ms, found 1 plugins.
Preloading 0 native plugins for Editor in 0.00 ms.
Unloading 1834 Unused Serialized files (Serialized files now loaded: 0)
System memory in use before: 100.7 MB.
System memory in use after: 100.8 MB.

Unloading 8 unused Assets to reduce memory usage. Loaded Objects now: 2390.
Total: 1.788200 ms (FindLiveObjects: 0.227000 ms CreateObjectMapping: 0.072800 ms MarkObjects: 1.429200 ms  DeleteObjects: 0.057800 ms)

========================================================================
Received Prepare
Registering precompiled user dll's ...
Registered in 0.000755 seconds.
Begin MonoManager ReloadAssembly
Native extension for WindowsStandalone target not found
Refreshing native plugins compatible for Editor in 0.41 ms, found 1 plugins.
Preloading 0 native plugins for Editor in 0.00 ms.
Mono: successfully reloaded assembly
- Completed reload, in  0.661 seconds
Platform modules already initialized, skipping
Refreshing native plugins compatible for Editor in 0.35 ms, found 1 plugins.
Preloading 0 native plugins for Editor in 0.00 ms.
Unloading 1834 Unused Serialized files (Serialized files now loaded: 0)
System memory in use before: 100.7 MB.
System memory in use after: 100.8 MB.

Unloading 8 unused Assets to reduce memory usage. Loaded Objects now: 2393.
Total: 1.829800 ms (FindLiveObjects: 0.160100 ms CreateObjectMapping: 0.032800 ms MarkObjects: 1.570100 ms  DeleteObjects: 0.065100 ms)

========================================================================
Received Prepare
Registering precompiled user dll's ...
Registered in 0.001305 seconds.
Begin MonoManager ReloadAssembly
Native extension for WindowsStandalone target not found
Refreshing native plugins compatible for Editor in 0.35 ms, found 1 plugins.
Preloading 0 native plugins for Editor in 0.00 ms.
Mono: successfully reloaded assembly
- Completed reload, in  0.746 seconds
Platform modules already initialized, skipping
Refreshing native plugins compatible for Editor in 0.35 ms, found 1 plugins.
Preloading 0 native plugins for Editor in 0.00 ms.
Unloading 1834 Unused Serialized files (Serialized files now loaded: 0)
System memory in use before: 100.8 MB.
System memory in use after: 100.8 MB.

Unloading 8 unused Assets to reduce memory usage. Loaded Objects now: 2396.
Total: 3.035500 ms (FindLiveObjects: 0.160800 ms CreateObjectMapping: 0.051300 ms MarkObjects: 2.751100 ms  DeleteObjects: 0.071300 ms)

========================================================================
Received Prepare
Registering precompiled user dll's ...
Registered in 0.000818 seconds.
Begin MonoManager ReloadAssembly
Native extension for WindowsStandalone target not found
Refreshing native plugins compatible for Editor in 0.35 ms, found 1 plugins.
Preloading 0 native plugins for Editor in 0.00 ms.
Mono: successfully reloaded assembly
- Completed reload, in  0.651 seconds
Platform modules already initialized, skipping
Refreshing native plugins compatible for Editor in 0.36 ms, found 1 plugins.
Preloading 0 native plugins for Editor in 0.00 ms.
Unloading 1834 Unused Serialized files (Serialized files now loaded: 0)
System memory in use before: 100.8 MB.
System memory in use after: 100.9 MB.

Unloading 8 unused Assets to reduce memory usage. Loaded Objects now: 2399.
Total: 1.592900 ms (FindLiveObjects: 0.159400 ms CreateObjectMapping: 0.032800 ms MarkObjects: 1.336600 ms  DeleteObjects: 0.062800 ms)

========================================================================
Received Import Request.
  Time since last request: 362.027923 seconds.
  path: Assets/DMGIndicator.prefab
  artifactKey: Guid(62bd2ba398716fa4db95df91ff5bc5bb) Importer(815301076,1909f56bfc062723c751e8b465ee728b)
Start importing Assets/DMGIndicator.prefab using Guid(62bd2ba398716fa4db95df91ff5bc5bb) Importer(815301076,1909f56bfc062723c751e8b465ee728b)  -> (artifact id: 'a83195dde694a9d09e062cb2c4f00ca8') in 0.036750 seconds
  Import took 0.061315 seconds .

========================================================================
Received Import Request.
  Time since last request: 0.695822 seconds.
  path: Assets/Assets.index
  artifactKey: Guid(c702e260602ff4d47aa6b0b99f320ed8) Importer(815301076,1909f56bfc062723c751e8b465ee728b)
Start importing Assets/Assets.index using Guid(c702e260602ff4d47aa6b0b99f320ed8) Importer(815301076,1909f56bfc062723c751e8b465ee728b)  -> (artifact id: '2beef0a7891c2aa6ca6e3c3dc0f70633') in 0.033139 seconds
  Import took 0.048334 seconds .

========================================================================
Received Prepare
Registering precompiled user dll's ...
Registered in 0.000980 seconds.
Begin MonoManager ReloadAssembly
Native extension for WindowsStandalone target not found
Refreshing native plugins compatible for Editor in 0.44 ms, found 1 plugins.
Preloading 0 native plugins for Editor in 0.00 ms.
Mono: successfully reloaded assembly
- Completed reload, in  0.753 seconds
Platform modules already initialized, skipping
Refreshing native plugins compatible for Editor in 0.34 ms, found 1 plugins.
Preloading 0 native plugins for Editor in 0.00 ms.
Unloading 1834 Unused Serialized files (Serialized files now loaded: 0)
System memory in use before: 100.8 MB.
System memory in use after: 100.9 MB.

Unloading 8 unused Assets to reduce memory usage. Loaded Objects now: 2402.
Total: 2.445200 ms (FindLiveObjects: 0.177700 ms CreateObjectMapping: 0.038600 ms MarkObjects: 2.169400 ms  DeleteObjects: 0.057100 ms)

========================================================================
Received Prepare
Registering precompiled user dll's ...
Registered in 0.000945 seconds.
Begin MonoManager ReloadAssembly
Native extension for WindowsStandalone target not found
Refreshing native plugins compatible for Editor in 0.63 ms, found 1 plugins.
Preloading 0 native plugins for Editor in 0.00 ms.
Mono: successfully reloaded assembly
- Completed reload, in  0.717 seconds
Platform modules already initialized, skipping
Refreshing native plugins compatible for Editor in 0.40 ms, found 1 plugins.
Preloading 0 native plugins for Editor in 0.00 ms.
Unloading 1834 Unused Serialized files (Serialized files now loaded: 0)
System memory in use before: 100.8 MB.
System memory in use after: 100.9 MB.

Unloading 8 unused Assets to reduce memory usage. Loaded Objects now: 2405.
Total: 2.071800 ms (FindLiveObjects: 0.321000 ms CreateObjectMapping: 0.083800 ms MarkObjects: 1.612400 ms  DeleteObjects: 0.053300 ms)

========================================================================
Received Import Request.
  Time since last request: 67.266015 seconds.
  path: Assets/DMGIndicator.prefab
  artifactKey: Guid(62bd2ba398716fa4db95df91ff5bc5bb) Importer(815301076,1909f56bfc062723c751e8b465ee728b)
Start importing Assets/DMGIndicator.prefab using Guid(62bd2ba398716fa4db95df91ff5bc5bb) Importer(815301076,1909f56bfc062723c751e8b465ee728b)  -> (artifact id: '4eb007f822450c91c98990e4b60a4379') in 0.025745 seconds
  Import took 0.034730 seconds .

========================================================================
Received Import Request.
  Time since last request: 0.739141 seconds.
  path: Assets/Assets.index
  artifactKey: Guid(c702e260602ff4d47aa6b0b99f320ed8) Importer(815301076,1909f56bfc062723c751e8b465ee728b)
Start importing Assets/Assets.index using Guid(c702e260602ff4d47aa6b0b99f320ed8) Importer(815301076,1909f56bfc062723c751e8b465ee728b)  -> (artifact id: 'e4998d62cae1e4402054583e3c6ddd3e') in 0.050676 seconds
  Import took 0.067092 seconds .

========================================================================
Received Prepare
Registering precompiled user dll's ...
Registered in 0.001059 seconds.
Begin MonoManager ReloadAssembly
Native extension for WindowsStandalone target not found
Refreshing native plugins compatible for Editor in 0.70 ms, found 1 plugins.
Preloading 0 native plugins for Editor in 0.00 ms.
Mono: successfully reloaded assembly
- Completed reload, in  0.786 seconds
Platform modules already initialized, skipping
Refreshing native plugins compatible for Editor in 0.50 ms, found 1 plugins.
Preloading 0 native plugins for Editor in 0.00 ms.
Unloading 1834 Unused Serialized files (Serialized files now loaded: 0)
System memory in use before: 100.8 MB.
System memory in use after: 100.9 MB.

Unloading 8 unused Assets to reduce memory usage. Loaded Objects now: 2408.
Total: 2.028400 ms (FindLiveObjects: 0.148400 ms CreateObjectMapping: 0.032200 ms MarkObjects: 1.779800 ms  DeleteObjects: 0.066800 ms)

========================================================================
Received Prepare
Registering precompiled user dll's ...
Registered in 0.000779 seconds.
Begin MonoManager ReloadAssembly
Native extension for WindowsStandalone target not found
Refreshing native plugins compatible for Editor in 0.56 ms, found 1 plugins.
Preloading 0 native plugins for Editor in 0.00 ms.
Mono: successfully reloaded assembly
- Completed reload, in  0.737 seconds
Platform modules already initialized, skipping
Refreshing native plugins compatible for Editor in 0.40 ms, found 1 plugins.
Preloading 0 native plugins for Editor in 0.00 ms.
Unloading 1834 Unused Serialized files (Serialized files now loaded: 0)
System memory in use before: 100.8 MB.
System memory in use after: 100.9 MB.

Unloading 8 unused Assets to reduce memory usage. Loaded Objects now: 2411.
Total: 2.273000 ms (FindLiveObjects: 0.151300 ms CreateObjectMapping: 0.032400 ms MarkObjects: 2.012000 ms  DeleteObjects: 0.076000 ms)

========================================================================
Received Prepare
Registering precompiled user dll's ...
Registered in 0.000764 seconds.
Begin MonoManager ReloadAssembly
Native extension for WindowsStandalone target not found
Refreshing native plugins compatible for Editor in 0.52 ms, found 1 plugins.
Preloading 0 native plugins for Editor in 0.00 ms.
Mono: successfully reloaded assembly
- Completed reload, in  0.708 seconds
Platform modules already initialized, skipping
Refreshing native plugins compatible for Editor in 0.35 ms, found 1 plugins.
Preloading 0 native plugins for Editor in 0.00 ms.
Unloading 1834 Unused Serialized files (Serialized files now loaded: 0)
System memory in use before: 100.8 MB.
System memory in use after: 100.9 MB.

Unloading 8 unused Assets to reduce memory usage. Loaded Objects now: 2414.
Total: 1.734900 ms (FindLiveObjects: 0.168800 ms CreateObjectMapping: 0.034800 ms MarkObjects: 1.475400 ms  DeleteObjects: 0.055000 ms)

========================================================================
Received Prepare
Registering precompiled user dll's ...
Registered in 0.001403 seconds.
Begin MonoManager ReloadAssembly
Native extension for WindowsStandalone target not found
Refreshing native plugins compatible for Editor in 0.38 ms, found 1 plugins.
Preloading 0 native plugins for Editor in 0.00 ms.
Mono: successfully reloaded assembly
- Completed reload, in  0.769 seconds
Platform modules already initialized, skipping
Refreshing native plugins compatible for Editor in 0.60 ms, found 1 plugins.
Preloading 0 native plugins for Editor in 0.00 ms.
Unloading 1834 Unused Serialized files (Serialized files now loaded: 0)
System memory in use before: 100.8 MB.
System memory in use after: 100.9 MB.

Unloading 8 unused Assets to reduce memory usage. Loaded Objects now: 2417.
Total: 1.860100 ms (FindLiveObjects: 0.215000 ms CreateObjectMapping: 0.037200 ms MarkObjects: 1.546200 ms  DeleteObjects: 0.060500 ms)

========================================================================
Received Prepare
Registering precompiled user dll's ...
Registered in 0.000917 seconds.
Begin MonoManager ReloadAssembly
Native extension for WindowsStandalone target not found
Refreshing native plugins compatible for Editor in 0.58 ms, found 1 plugins.
Preloading 0 native plugins for Editor in 0.00 ms.
Mono: successfully reloaded assembly
- Completed reload, in  0.688 seconds
Platform modules already initialized, skipping
Refreshing native plugins compatible for Editor in 0.47 ms, found 1 plugins.
Preloading 0 native plugins for Editor in 0.00 ms.
Unloading 1834 Unused Serialized files (Serialized files now loaded: 0)
System memory in use before: 100.8 MB.
System memory in use after: 100.9 MB.

Unloading 8 unused Assets to reduce memory usage. Loaded Objects now: 2420.
Total: 2.871700 ms (FindLiveObjects: 0.347300 ms CreateObjectMapping: 0.106900 ms MarkObjects: 2.309500 ms  DeleteObjects: 0.106100 ms)

========================================================================
Received Prepare
Registering precompiled user dll's ...
Registered in 0.000924 seconds.
Begin MonoManager ReloadAssembly
Native extension for WindowsStandalone target not found
Refreshing native plugins compatible for Editor in 0.52 ms, found 1 plugins.
Preloading 0 native plugins for Editor in 0.00 ms.
Mono: successfully reloaded assembly
- Completed reload, in  0.747 seconds
Platform modules already initialized, skipping
Refreshing native plugins compatible for Editor in 0.45 ms, found 1 plugins.
Preloading 0 native plugins for Editor in 0.00 ms.
Unloading 1834 Unused Serialized files (Serialized files now loaded: 0)
System memory in use before: 100.8 MB.
System memory in use after: 100.9 MB.

Unloading 8 unused Assets to reduce memory usage. Loaded Objects now: 2423.
Total: 2.405300 ms (FindLiveObjects: 0.182500 ms CreateObjectMapping: 0.033100 ms MarkObjects: 2.113000 ms  DeleteObjects: 0.075500 ms)

========================================================================
Received Prepare
Registering precompiled user dll's ...
Registered in 0.001186 seconds.
Begin MonoManager ReloadAssembly
Native extension for WindowsStandalone target not found
Refreshing native plugins compatible for Editor in 0.35 ms, found 1 plugins.
Preloading 0 native plugins for Editor in 0.00 ms.
Mono: successfully reloaded assembly
- Completed reload, in  0.765 seconds
Platform modules already initialized, skipping
Refreshing native plugins compatible for Editor in 0.46 ms, found 1 plugins.
Preloading 0 native plugins for Editor in 0.00 ms.
Unloading 1834 Unused Serialized files (Serialized files now loaded: 0)
System memory in use before: 100.8 MB.
System memory in use after: 100.9 MB.

Unloading 8 unused Assets to reduce memory usage. Loaded Objects now: 2426.
Total: 1.952400 ms (FindLiveObjects: 0.184100 ms CreateObjectMapping: 0.037400 ms MarkObjects: 1.670300 ms  DeleteObjects: 0.059400 ms)

========================================================================
Received Prepare
Registering precompiled user dll's ...
Registered in 0.000767 seconds.
Begin MonoManager ReloadAssembly
Native extension for WindowsStandalone target not found
Refreshing native plugins compatible for Editor in 0.51 ms, found 1 plugins.
Preloading 0 native plugins for Editor in 0.00 ms.
Mono: successfully reloaded assembly
- Completed reload, in  0.783 seconds
Platform modules already initialized, skipping
Refreshing native plugins compatible for Editor in 0.42 ms, found 1 plugins.
Preloading 0 native plugins for Editor in 0.00 ms.
Unloading 1834 Unused Serialized files (Serialized files now loaded: 0)
System memory in use before: 100.8 MB.
System memory in use after: 100.9 MB.

Unloading 8 unused Assets to reduce memory usage. Loaded Objects now: 2429.
Total: 1.669800 ms (FindLiveObjects: 0.148900 ms CreateObjectMapping: 0.030000 ms MarkObjects: 1.435900 ms  DeleteObjects: 0.053700 ms)

========================================================================
Received Prepare
Registering precompiled user dll's ...
Registered in 0.000820 seconds.
Begin MonoManager ReloadAssembly
Native extension for WindowsStandalone target not found
Refreshing native plugins compatible for Editor in 0.48 ms, found 1 plugins.
Preloading 0 native plugins for Editor in 0.00 ms.
Mono: successfully reloaded assembly
- Completed reload, in  0.659 seconds
Platform modules already initialized, skipping
Refreshing native plugins compatible for Editor in 0.35 ms, found 1 plugins.
Preloading 0 native plugins for Editor in 0.00 ms.
Unloading 1834 Unused Serialized files (Serialized files now loaded: 0)
System memory in use before: 100.9 MB.
System memory in use after: 100.9 MB.

Unloading 8 unused Assets to reduce memory usage. Loaded Objects now: 2432.
Total: 1.603700 ms (FindLiveObjects: 0.144500 ms CreateObjectMapping: 0.033200 ms MarkObjects: 1.373900 ms  DeleteObjects: 0.051100 ms)

========================================================================
Received Prepare
Registering precompiled user dll's ...
Registered in 0.000709 seconds.
Begin MonoManager ReloadAssembly
Native extension for WindowsStandalone target not found
Refreshing native plugins compatible for Editor in 0.51 ms, found 1 plugins.
Preloading 0 native plugins for Editor in 0.00 ms.
Mono: successfully reloaded assembly
- Completed reload, in  0.704 seconds
Platform modules already initialized, skipping
Refreshing native plugins compatible for Editor in 0.38 ms, found 1 plugins.
Preloading 0 native plugins for Editor in 0.00 ms.
Unloading 1834 Unused Serialized files (Serialized files now loaded: 0)
System memory in use before: 100.9 MB.
System memory in use after: 100.9 MB.

Unloading 8 unused Assets to reduce memory usage. Loaded Objects now: 2435.
Total: 2.695300 ms (FindLiveObjects: 0.278900 ms CreateObjectMapping: 0.100700 ms MarkObjects: 2.223900 ms  DeleteObjects: 0.089900 ms)

========================================================================
Received Prepare
Registering precompiled user dll's ...
Registered in 0.001081 seconds.
Begin MonoManager ReloadAssembly
Native extension for WindowsStandalone target not found
Refreshing native plugins compatible for Editor in 0.52 ms, found 1 plugins.
Preloading 0 native plugins for Editor in 0.00 ms.
Mono: successfully reloaded assembly
- Completed reload, in  0.796 seconds
Platform modules already initialized, skipping
Refreshing native plugins compatible for Editor in 0.53 ms, found 1 plugins.
Preloading 0 native plugins for Editor in 0.00 ms.
Unloading 1834 Unused Serialized files (Serialized files now loaded: 0)
System memory in use before: 100.9 MB.
System memory in use after: 101.0 MB.

Unloading 8 unused Assets to reduce memory usage. Loaded Objects now: 2438.
Total: 2.974600 ms (FindLiveObjects: 0.174000 ms CreateObjectMapping: 0.039600 ms MarkObjects: 2.681600 ms  DeleteObjects: 0.077800 ms)

========================================================================
Received Prepare
Registering precompiled user dll's ...
Registered in 0.001075 seconds.
Begin MonoManager ReloadAssembly
Native extension for WindowsStandalone target not found
Refreshing native plugins compatible for Editor in 0.38 ms, found 1 plugins.
Preloading 0 native plugins for Editor in 0.00 ms.
Mono: successfully reloaded assembly
- Completed reload, in  0.797 seconds
Platform modules already initialized, skipping
Refreshing native plugins compatible for Editor in 0.45 ms, found 1 plugins.
Preloading 0 native plugins for Editor in 0.00 ms.
Unloading 1834 Unused Serialized files (Serialized files now loaded: 0)
System memory in use before: 100.9 MB.
System memory in use after: 101.0 MB.

Unloading 8 unused Assets to reduce memory usage. Loaded Objects now: 2441.
Total: 1.647800 ms (FindLiveObjects: 0.170200 ms CreateObjectMapping: 0.031300 ms MarkObjects: 1.389400 ms  DeleteObjects: 0.055600 ms)

========================================================================
Received Prepare
Registering precompiled user dll's ...
Registered in 0.000824 seconds.
Begin MonoManager ReloadAssembly
Native extension for WindowsStandalone target not found
Refreshing native plugins compatible for Editor in 0.40 ms, found 1 plugins.
Preloading 0 native plugins for Editor in 0.00 ms.
Mono: successfully reloaded assembly
- Completed reload, in  0.693 seconds
Platform modules already initialized, skipping
Refreshing native plugins compatible for Editor in 0.40 ms, found 1 plugins.
Preloading 0 native plugins for Editor in 0.00 ms.
Unloading 1834 Unused Serialized files (Serialized files now loaded: 0)
System memory in use before: 100.9 MB.
System memory in use after: 101.0 MB.

Unloading 8 unused Assets to reduce memory usage. Loaded Objects now: 2444.
Total: 1.778300 ms (FindLiveObjects: 0.190400 ms CreateObjectMapping: 0.038600 ms MarkObjects: 1.491300 ms  DeleteObjects: 0.056600 ms)

========================================================================
Received Prepare
Registering precompiled user dll's ...
Registered in 0.001207 seconds.
Begin MonoManager ReloadAssembly
Native extension for WindowsStandalone target not found
Refreshing native plugins compatible for Editor in 0.52 ms, found 1 plugins.
Preloading 0 native plugins for Editor in 0.00 ms.
Mono: successfully reloaded assembly
- Completed reload, in  0.694 seconds
Platform modules already initialized, skipping
Refreshing native plugins compatible for Editor in 0.38 ms, found 1 plugins.
Preloading 0 native plugins for Editor in 0.00 ms.
Unloading 1834 Unused Serialized files (Serialized files now loaded: 0)
System memory in use before: 100.9 MB.
System memory in use after: 101.0 MB.

Unloading 8 unused Assets to reduce memory usage. Loaded Objects now: 2447.
Total: 3.112600 ms (FindLiveObjects: 0.375100 ms CreateObjectMapping: 0.082300 ms MarkObjects: 2.591200 ms  DeleteObjects: 0.062300 ms)

========================================================================
Received Prepare
Registering precompiled user dll's ...
Registered in 0.001137 seconds.
Begin MonoManager ReloadAssembly
Native extension for WindowsStandalone target not found
Refreshing native plugins compatible for Editor in 0.37 ms, found 1 plugins.
Preloading 0 native plugins for Editor in 0.00 ms.
Mono: successfully reloaded assembly
- Completed reload, in  0.763 seconds
Platform modules already initialized, skipping
Refreshing native plugins compatible for Editor in 0.42 ms, found 1 plugins.
Preloading 0 native plugins for Editor in 0.00 ms.
Unloading 1834 Unused Serialized files (Serialized files now loaded: 0)
System memory in use before: 100.9 MB.
System memory in use after: 101.0 MB.

Unloading 8 unused Assets to reduce memory usage. Loaded Objects now: 2450.
Total: 2.214300 ms (FindLiveObjects: 0.224400 ms CreateObjectMapping: 0.077400 ms MarkObjects: 1.852400 ms  DeleteObjects: 0.059300 ms)

========================================================================
Received Prepare
Registering precompiled user dll's ...
Registered in 0.000870 seconds.
Begin MonoManager ReloadAssembly
Native extension for WindowsStandalone target not found
Refreshing native plugins compatible for Editor in 0.40 ms, found 1 plugins.
Preloading 0 native plugins for Editor in 0.00 ms.
Mono: successfully reloaded assembly
- Completed reload, in  0.690 seconds
Platform modules already initialized, skipping
Refreshing native plugins compatible for Editor in 0.36 ms, found 1 plugins.
Preloading 0 native plugins for Editor in 0.00 ms.
Unloading 1834 Unused Serialized files (Serialized files now loaded: 0)
System memory in use before: 100.9 MB.
System memory in use after: 101.0 MB.

Unloading 8 unused Assets to reduce memory usage. Loaded Objects now: 2453.
Total: 2.014800 ms (FindLiveObjects: 0.170800 ms CreateObjectMapping: 0.030200 ms MarkObjects: 1.737100 ms  DeleteObjects: 0.075000 ms)

========================================================================
Received Prepare
Registering precompiled user dll's ...
Registered in 0.000706 seconds.
Begin MonoManager ReloadAssembly
Native extension for WindowsStandalone target not found
Refreshing native plugins compatible for Editor in 0.42 ms, found 1 plugins.
Preloading 0 native plugins for Editor in 0.00 ms.
Mono: successfully reloaded assembly
- Completed reload, in  0.677 seconds
Platform modules already initialized, skipping
Refreshing native plugins compatible for Editor in 0.34 ms, found 1 plugins.
Preloading 0 native plugins for Editor in 0.00 ms.
Unloading 1834 Unused Serialized files (Serialized files now loaded: 0)
System memory in use before: 100.9 MB.
System memory in use after: 101.0 MB.

Unloading 8 unused Assets to reduce memory usage. Loaded Objects now: 2456.
Total: 1.713600 ms (FindLiveObjects: 0.148900 ms CreateObjectMapping: 0.031500 ms MarkObjects: 1.472400 ms  DeleteObjects: 0.059600 ms)

========================================================================
Received Prepare
Registering precompiled user dll's ...
Registered in 0.000744 seconds.
Begin MonoManager ReloadAssembly
Native extension for WindowsStandalone target not found
Refreshing native plugins compatible for Editor in 0.40 ms, found 1 plugins.
Preloading 0 native plugins for Editor in 0.00 ms.
Mono: successfully reloaded assembly
- Completed reload, in  0.679 seconds
Platform modules already initialized, skipping
Refreshing native plugins compatible for Editor in 0.35 ms, found 1 plugins.
Preloading 0 native plugins for Editor in 0.00 ms.
Unloading 1834 Unused Serialized files (Serialized files now loaded: 0)
System memory in use before: 100.9 MB.
System memory in use after: 101.0 MB.

Unloading 8 unused Assets to reduce memory usage. Loaded Objects now: 2459.
Total: 1.694600 ms (FindLiveObjects: 0.185400 ms CreateObjectMapping: 0.056600 ms MarkObjects: 1.397500 ms  DeleteObjects: 0.053900 ms)

AssetImportWorkerClient::OnTransportError - code=2 error=End of file
